13:57:36 **** Incremental Build of configuration Debug for project Stepdown ****
make all 
Building file: ../src/startup_stm32f4xx.S
Invoking: Cross ARM GNU Assembler
arm-none-eabi-gcc -mcpu=cortex-m4 -mthumb -mfloat-abi=soft -Og -fmessage-length=0 -fsigned-char -ffunction-sections -fdata-sections -ffreestanding -Wall -Wextra  -g3 -x assembler-with-cpp -DDEBUG -DUSE_STDPERIPH_DRIVER -DUSE_FULL_ASSERT -DSTM32F407xx -DHSE_VALUE=8000000 -I"C:\Users\Filip\Eclipse\Stepdown\src" -I"../libraries" -I"../libraries/CMSIS" -I"../libraries/discovery" -I"../libraries/STM32F4-lib" -MMD -MP -MF"src/startup_stm32f4xx.d" -MT"src/startup_stm32f4xx.o" -c -o "src/startup_stm32f4xx.o" "../src/startup_stm32f4xx.S"
../src/startup_stm32f4xx.S: Assembler messages:
../src/startup_stm32f4xx.S:1: Error: junk at end of line, first unrecognized character is `*'
../src/startup_stm32f4xx.S:2: Error: junk at end of line, first unrecognized character is `*'
../src/startup_stm32f4xx.S:3: Error: junk at end of line, first unrecognized character is `*'
../src/startup_stm32f4xx.S:4: Error: junk at end of line, first unrecognized character is `*'
../src/startup_stm32f4xx.S:5: Error: junk at end of line, first unrecognized character is `*'
../src/startup_stm32f4xx.S:6: Error: junk at end of line, first unrecognized character is `*'
../src/startup_stm32f4xx.S:7: Error: junk at end of line, first unrecognized character is `*'
../src/startup_stm32f4xx.S:8: Error: junk at end of line, first unrecognized character is `*'
../src/startup_stm32f4xx.S:9: Error: junk at end of line, first unrecognized character is `*'
../src/startup_stm32f4xx.S:10: Error: junk at end of line, first unrecognized character is `*'
../src/startup_stm32f4xx.S:11: Error: junk at end of line, first unrecognized character is `*'
../src/startup_stm32f4xx.S:12: Error: junk at end of line, first unrecognized character is `*'
../src/startup_stm32f4xx.S:13: Error: junk at end of line, first unrecognized character is `*'
../src/startup_stm32f4xx.S:14: Error: junk at end of line, first unrecognized character is `*'
../src/startup_stm32f4xx.S:15: Error: junk at end of line, first unrecognized character is `*'
../src/startup_stm32f4xx.S:16: Error: junk at end of line, first unrecognized character is `*'
../src/startup_stm32f4xx.S:17: Error: junk at end of line, first unrecognized character is `*'
../src/startup_stm32f4xx.S:18: Error: junk at end of line, first unrecognized character is `*'
../src/startup_stm32f4xx.S:19: Error: junk at end of line, first unrecognized character is `*'
../src/startup_stm32f4xx.S:20: Error: bad instruction `the PRESENT FIRMWARE WHICH IS FOR GUIDANCE ONLY AIMS AT PROVIDING CUSTOMERS'
../src/startup_stm32f4xx.S:21: Error: bad instruction `with CODING INFORMATION REGARDING THEIR PRODUCTS IN ORDER FOR THEM TO SAVE TIME.'
../src/startup_stm32f4xx.S:22: Error: bad instruction `as A RESULT,STMICROELECTRONICS SHALL NOT BE HELD LIABLE FOR ANY DIRECT,'
../src/startup_stm32f4xx.S:23: Error: bad instruction `indirect OR CONSEQUENTIAL DAMAGES WITH RESPECT TO ANY CLAIMS ARISING FROM THE'
../src/startup_stm32f4xx.S:24: Error: bad instruction `content OF SUCH FIRMWARE AND/OR THE USE MADE BY CUSTOMERS OF THE CODING'
../src/startup_stm32f4xx.S:25: Error: bad instruction `information CONTAINED HEREIN IN CONNECTION WITH THEIR PRODUCTS.'
../src/startup_stm32f4xx.S:26: Error: junk at end of line, first unrecognized character is `*'
../src/startup_stm32f4xx.S:28: Error: bad instruction `amount of memory(in bytes)allocated for Stack'
../src/startup_stm32f4xx.S:29: Error: bad instruction `tailor this value to your application needs'
../src/startup_stm32f4xx.S:30: Error: junk at end of line, first unrecognized character is `<'
../src/startup_stm32f4xx.S:31: Error: junk at end of line, first unrecognized character is `<'
../src/startup_stm32f4xx.S:32: Error: junk at end of line, first unrecognized character is `<'
../src/startup_stm32f4xx.S:34: Error: bad instruction `stack_size EQU 0x00000400'
../src/startup_stm32f4xx.S:36: Error: bad instruction `area STACK,NOINIT,READWRITE,ALIGN=3'
../src/startup_stm32f4xx.S:37: Error: bad instruction `stack_mem SPACE Stack_Size'
../src/startup_stm32f4xx.S:38: Error: bad instruction `__initial_sp'
../src/startup_stm32f4xx.S:41: Error: junk at end of line, first unrecognized character is `<'
../src/startup_stm32f4xx.S:42: Error: junk at end of line, first unrecognized character is `<'
../src/startup_stm32f4xx.S:43: Error: junk at end of line, first unrecognized character is `<'
../src/startup_stm32f4xx.S:45: Error: bad instruction `heap_size EQU 0x00000200'
../src/startup_stm32f4xx.S:47: Error: bad instruction `area HEAP,NOINIT,READWRITE,ALIGN=3'
../src/startup_stm32f4xx.S:48: Error: bad instruction `__heap_base'
../src/startup_stm32f4xx.S:49: Error: bad instruction `heap_mem SPACE Heap_Size'
../src/startup_stm32f4xx.S:50: Error: bad instruction `__heap_limit'
../src/startup_stm32f4xx.S:52: Error: bad instruction `preserve8'
../src/startup_stm32f4xx.S:53: Error: bad instruction `thumb'
../src/startup_stm32f4xx.S:56: Error: bad instruction `vector Table Mapped to Address 0 at Reset'
../src/startup_stm32f4xx.S:57: Error: bad instruction `area RESET,DATA,READONLY'
../src/startup_stm32f4xx.S:58: Error: bad instruction `export __Vectors'
../src/startup_stm32f4xx.S:59: Error: bad instruction `export __Vectors_End'
../src/startup_stm32f4xx.S:60: Error: bad instruction `export __Vectors_Size'
../src/startup_stm32f4xx.S:62: Error: bad instruction `__vectors DCD __initial_sp'
../src/startup_stm32f4xx.S:62: Error: bad instruction `top of Stack'
../src/startup_stm32f4xx.S:63: Error: bad instruction `dcd Reset_Handler'
../src/startup_stm32f4xx.S:63: Error: bad instruction `reset Handler'
../src/startup_stm32f4xx.S:64: Error: bad instruction `dcd NMI_Handler'
../src/startup_stm32f4xx.S:64: Error: bad instruction `nmi Handler'
../src/startup_stm32f4xx.S:65: Error: bad instruction `dcd HardFault_Handler'
../src/startup_stm32f4xx.S:65: Error: bad instruction `hard Fault Handler'
../src/startup_stm32f4xx.S:66: Error: bad instruction `dcd MemManage_Handler'
../src/startup_stm32f4xx.S:66: Error: bad instruction `mpu Fault Handler'
../src/startup_stm32f4xx.S:67: Error: bad instruction `dcd BusFault_Handler'
../src/startup_stm32f4xx.S:67: Error: bad instruction `bus Fault Handler'
../src/startup_stm32f4xx.S:68: Error: bad instruction `dcd UsageFault_Handler'
../src/startup_stm32f4xx.S:68: Error: bad instruction `usage Fault Handler'
../src/startup_stm32f4xx.S:69: Error: bad instruction `dcd 0'
../src/startup_stm32f4xx.S:69: Error: bad instruction `reserved'
../src/startup_stm32f4xx.S:70: Error: bad instruction `dcd 0'
../src/startup_stm32f4xx.S:70: Error: bad instruction `reserved'
../src/startup_stm32f4xx.S:71: Error: bad instruction `dcd 0'
../src/startup_stm32f4xx.S:71: Error: bad instruction `reserved'
../src/startup_stm32f4xx.S:72: Error: bad instruction `dcd 0'
../src/startup_stm32f4xx.S:72: Error: bad instruction `reserved'
../src/startup_stm32f4xx.S:73: Error: bad instruction `dcd SVC_Handler'
../src/startup_stm32f4xx.S:73: Error: bad instruction `svcall Handler'
../src/startup_stm32f4xx.S:74: Error: bad instruction `dcd DebugMon_Handler'
../src/startup_stm32f4xx.S:74: Error: bad instruction `debug Monitor Handler'
../src/startup_stm32f4xx.S:75: Error: bad instruction `dcd 0'
../src/startup_stm32f4xx.S:75: Error: bad instruction `reserved'
../src/startup_stm32f4xx.S:76: Error: bad instruction `dcd PendSV_Handler'
../src/startup_stm32f4xx.S:76: Error: bad instruction `pendsv Handler'
../src/startup_stm32f4xx.S:77: Error: bad instruction `dcd SysTick_Handler'
../src/startup_stm32f4xx.S:77: Error: bad instruction `systick Handler'
../src/startup_stm32f4xx.S:79: Error: bad instruction `external Interrupts'
../src/startup_stm32f4xx.S:80: Error: bad instruction `dcd WWDG_IRQHandler'
../src/startup_stm32f4xx.S:80: Error: bad instruction `window WatchDog'
../src/startup_stm32f4xx.S:81: Error: bad instruction `dcd PVD_IRQHandler'
../src/startup_stm32f4xx.S:81: Error: bad instruction `pvd through EXTI Line detection'
../src/startup_stm32f4xx.S:82: Error: bad instruction `dcd TAMP_STAMP_IRQHandler'
../src/startup_stm32f4xx.S:82: Error: bad instruction `tamper and TimeStamps through the EXTI line'
../src/startup_stm32f4xx.S:83: Error: bad instruction `dcd RTC_WKUP_IRQHandler'
../src/startup_stm32f4xx.S:83: Error: bad instruction `rtc Wakeup through the EXTI line'
../src/startup_stm32f4xx.S:84: Error: bad instruction `dcd FLASH_IRQHandler'
../src/startup_stm32f4xx.S:84: Error: bad instruction `flash'
../src/startup_stm32f4xx.S:85: Error: bad instruction `dcd RCC_IRQHandler'
../src/startup_stm32f4xx.S:85: Error: bad instruction `rcc'
../src/startup_stm32f4xx.S:86: Error: bad instruction `dcd EXTI0_IRQHandler'
../src/startup_stm32f4xx.S:86: Error: bad instruction `exti Line0'
../src/startup_stm32f4xx.S:87: Error: bad instruction `dcd EXTI1_IRQHandler'
../src/startup_stm32f4xx.S:87: Error: bad instruction `exti Line1'
../src/startup_stm32f4xx.S:88: Error: bad instruction `dcd EXTI2_IRQHandler'
../src/startup_stm32f4xx.S:88: Error: bad instruction `exti Line2'
../src/startup_stm32f4xx.S:89: Error: bad instruction `dcd EXTI3_IRQHandler'
../src/startup_stm32f4xx.S:89: Error: bad instruction `exti Line3'
../src/startup_stm32f4xx.S:90: Error: bad instruction `dcd EXTI4_IRQHandler'
../src/startup_stm32f4xx.S:90: Error: bad instruction `exti Line4'
../src/startup_stm32f4xx.S:91: Error: bad instruction `dcd DMA1_Stream0_IRQHandler'
../src/startup_stm32f4xx.S:91: Error: bad instruction `dma1 Stream 0'
../src/startup_stm32f4xx.S:92: Error: bad instruction `dcd DMA1_Stream1_IRQHandler'
../src/startup_stm32f4xx.S:92: Error: bad instruction `dma1 Stream 1'
../src/startup_stm32f4xx.S:93: Error: bad instruction `dcd DMA1_Stream2_IRQHandler'
../src/startup_stm32f4xx.S:93: Error: bad instruction `dma1 Stream 2'
../src/startup_stm32f4xx.S:94: Error: bad instruction `dcd DMA1_Stream3_IRQHandler'
../src/startup_stm32f4xx.S:94: Error: bad instruction `dma1 Stream 3'
../src/startup_stm32f4xx.S:95: Error: bad instruction `dcd DMA1_Stream4_IRQHandler'
../src/startup_stm32f4xx.S:95: Error: bad instruction `dma1 Stream 4'
../src/startup_stm32f4xx.S:96: Error: bad instruction `dcd DMA1_Stream5_IRQHandler'
../src/startup_stm32f4xx.S:96: Error: bad instruction `dma1 Stream 5'
../src/startup_stm32f4xx.S:97: Error: bad instruction `dcd DMA1_Stream6_IRQHandler'
../src/startup_stm32f4xx.S:97: Error: bad instruction `dma1 Stream 6'
../src/startup_stm32f4xx.S:98: Error: bad instruction `dcd ADC_IRQHandler'
../src/startup_stm32f4xx.S:98: Error: bad instruction `adc1, ADC2 and ADC3s'
../src/startup_stm32f4xx.S:99: Error: bad instruction `dcd CAN1_TX_IRQHandler'
../src/startup_stm32f4xx.S:99: Error: bad instruction `can1 TX'
../src/startup_stm32f4xx.S:100: Error: bad instruction `dcd CAN1_RX0_IRQHandler'
../src/startup_stm32f4xx.S:100: Error: bad instruction `can1 RX0'
../src/startup_stm32f4xx.S:101: Error: bad instruction `dcd CAN1_RX1_IRQHandler'
../src/startup_stm32f4xx.S:101: Error: bad instruction `can1 RX1'
../src/startup_stm32f4xx.S:102: Error: bad instruction `dcd CAN1_SCE_IRQHandler'
../src/startup_stm32f4xx.S:102: Error: bad instruction `can1 SCE'
../src/startup_stm32f4xx.S:103: Error: bad instruction `dcd EXTI9_5_IRQHandler'
../src/startup_stm32f4xx.S:103: Error: bad instruction `external Line[9:5]s'
../src/startup_stm32f4xx.S:104: Error: bad instruction `dcd TIM1_BRK_TIM9_IRQHandler'
../src/startup_stm32f4xx.S:104: Error: bad instruction `tim1 Break and TIM9'
../src/startup_stm32f4xx.S:105: Error: bad instruction `dcd TIM1_UP_TIM10_IRQHandler'
../src/startup_stm32f4xx.S:105: Error: bad instruction `tim1 Update and TIM10'
../src/startup_stm32f4xx.S:106: Error: bad instruction `dcd TIM1_TRG_COM_TIM11_IRQHandler'
../src/startup_stm32f4xx.S:106: Error: bad instruction `tim1 Trigger and Commutation and TIM11'
../src/startup_stm32f4xx.S:107: Error: bad instruction `dcd TIM1_CC_IRQHandler'
../src/startup_stm32f4xx.S:107: Error: bad instruction `tim1 Capture Compare'
../src/startup_stm32f4xx.S:108: Error: bad instruction `dcd TIM2_IRQHandler'
../src/startup_stm32f4xx.S:108: Error: bad instruction `tim2'
../src/startup_stm32f4xx.S:109: Error: bad instruction `dcd TIM3_IRQHandler'
../src/startup_stm32f4xx.S:109: Error: bad instruction `tim3'
../src/startup_stm32f4xx.S:110: Error: bad instruction `dcd TIM4_IRQHandler'
../src/startup_stm32f4xx.S:110: Error: bad instruction `tim4'
../src/startup_stm32f4xx.S:111: Error: bad instruction `dcd I2C1_EV_IRQHandler'
../src/startup_stm32f4xx.S:111: Error: bad instruction `i2c1 Event'
../src/startup_stm32f4xx.S:112: Error: bad instruction `dcd I2C1_ER_IRQHandler'
../src/startup_stm32f4xx.S:112: Error: bad instruction `i2c1 Error'
../src/startup_stm32f4xx.S:113: Error: bad instruction `dcd I2C2_EV_IRQHandler'
../src/startup_stm32f4xx.S:113: Error: bad instruction `i2c2 Event'
../src/startup_stm32f4xx.S:114: Error: bad instruction `dcd I2C2_ER_IRQHandler'
../src/startup_stm32f4xx.S:114: Error: bad instruction `i2c2 Error'
../src/startup_stm32f4xx.S:115: Error: bad instruction `dcd SPI1_IRQHandler'
../src/startup_stm32f4xx.S:115: Error: bad instruction `spi1'
../src/startup_stm32f4xx.S:116: Error: bad instruction `dcd SPI2_IRQHandler'
../src/startup_stm32f4xx.S:116: Error: bad instruction `spi2'
../src/startup_stm32f4xx.S:117: Error: bad instruction `dcd USART1_IRQHandler'
../src/startup_stm32f4xx.S:117: Error: bad instruction `usart1'
../src/startup_stm32f4xx.S:118: Error: bad instruction `dcd USART2_IRQHandler'
../src/startup_stm32f4xx.S:118: Error: bad instruction `usart2'
../src/startup_stm32f4xx.S:119: Error: bad instruction `dcd USART3_IRQHandler'
../src/startup_stm32f4xx.S:119: Error: bad instruction `usart3'
../src/startup_stm32f4xx.S:120: Error: bad instruction `dcd EXTI15_10_IRQHandler'
../src/startup_stm32f4xx.S:120: Error: bad instruction `external Line[15:10]s'
../src/startup_stm32f4xx.S:121: Error: bad instruction `dcd RTC_Alarm_IRQHandler'
../src/startup_stm32f4xx.S:121: Error: bad instruction `rtc Alarm(A and B)through EXTI Line'
../src/startup_stm32f4xx.S:122: Error: bad instruction `dcd OTG_FS_WKUP_IRQHandler'
../src/startup_stm32f4xx.S:122: Error: bad instruction `usb OTG FS Wakeup through EXTI line'
../src/startup_stm32f4xx.S:123: Error: bad instruction `dcd TIM8_BRK_TIM12_IRQHandler'
../src/startup_stm32f4xx.S:123: Error: bad instruction `tim8 Break and TIM12'
../src/startup_stm32f4xx.S:124: Error: bad instruction `dcd TIM8_UP_TIM13_IRQHandler'
../src/startup_stm32f4xx.S:124: Error: bad instruction `tim8 Update and TIM13'
../src/startup_stm32f4xx.S:125: Error: bad instruction `dcd TIM8_TRG_COM_TIM14_IRQHandler'
../src/startup_stm32f4xx.S:125: Error: bad instruction `tim8 Trigger and Commutation and TIM14'
../src/startup_stm32f4xx.S:126: Error: bad instruction `dcd TIM8_CC_IRQHandler'
../src/startup_stm32f4xx.S:126: Error: bad instruction `tim8 Capture Compare'
../src/startup_stm32f4xx.S:127: Error: bad instruction `dcd DMA1_Stream7_IRQHandler'
../src/startup_stm32f4xx.S:127: Error: bad instruction `dma1 Stream7'
../src/startup_stm32f4xx.S:128: Error: bad instruction `dcd FSMC_IRQHandler'
../src/startup_stm32f4xx.S:128: Error: bad instruction `fsmc'
../src/startup_stm32f4xx.S:129: Error: bad instruction `dcd SDIO_IRQHandler'
../src/startup_stm32f4xx.S:129: Error: bad instruction `sdio'
../src/startup_stm32f4xx.S:130: Error: bad instruction `dcd TIM5_IRQHandler'
../src/startup_stm32f4xx.S:130: Error: bad instruction `tim5'
../src/startup_stm32f4xx.S:131: Error: bad instruction `dcd SPI3_IRQHandler'
../src/startup_stm32f4xx.S:131: Error: bad instruction `spi3'
../src/startup_stm32f4xx.S:132: Error: bad instruction `dcd UART4_IRQHandler'
../src/startup_stm32f4xx.S:132: Error: bad instruction `uart4'
../src/startup_stm32f4xx.S:133: Error: bad instruction `dcd UART5_IRQHandler'
../src/startup_stm32f4xx.S:133: Error: bad instruction `uart5'
../src/startup_stm32f4xx.S:134: Error: bad instruction `dcd TIM6_DAC_IRQHandler'
../src/startup_stm32f4xx.S:134: Error: bad instruction `tim6 and DAC1&2 underrun errors'
../src/startup_stm32f4xx.S:135: Error: bad instruction `dcd TIM7_IRQHandler'
../src/startup_stm32f4xx.S:135: Error: bad instruction `tim7'
../src/startup_stm32f4xx.S:136: Error: bad instruction `dcd DMA2_Stream0_IRQHandler'
../src/startup_stm32f4xx.S:136: Error: bad instruction `dma2 Stream 0'
../src/startup_stm32f4xx.S:137: Error: bad instruction `dcd DMA2_Stream1_IRQHandler'
../src/startup_stm32f4xx.S:137: Error: bad instruction `dma2 Stream 1'
../src/startup_stm32f4xx.S:138: Error: bad instruction `dcd DMA2_Stream2_IRQHandler'
../src/startup_stm32f4xx.S:138: Error: bad instruction `dma2 Stream 2'
../src/startup_stm32f4xx.S:139: Error: bad instruction `dcd DMA2_Stream3_IRQHandler'
../src/startup_stm32f4xx.S:139: Error: bad instruction `dma2 Stream 3'
../src/startup_stm32f4xx.S:140: Error: bad instruction `dcd DMA2_Stream4_IRQHandler'
../src/startup_stm32f4xx.S:140: Error: bad instruction `dma2 Stream 4'
../src/startup_stm32f4xx.S:141: Error: bad instruction `dcd ETH_IRQHandler'
../src/startup_stm32f4xx.S:141: Error: bad instruction `ethernet'
../src/startup_stm32f4xx.S:142: Error: bad instruction `dcd ETH_WKUP_IRQHandler'
../src/startup_stm32f4xx.S:142: Error: bad instruction `ethernet Wakeup through EXTI line'
../src/startup_stm32f4xx.S:143: Error: bad instruction `dcd CAN2_TX_IRQHandler'
../src/startup_stm32f4xx.S:143: Error: bad instruction `can2 TX'
../src/startup_stm32f4xx.S:144: Error: bad instruction `dcd CAN2_RX0_IRQHandler'
../src/startup_stm32f4xx.S:144: Error: bad instruction `can2 RX0'
../src/startup_stm32f4xx.S:145: Error: bad instruction `dcd CAN2_RX1_IRQHandler'
../src/startup_stm32f4xx.S:145: Error: bad instruction `can2 RX1'
../src/startup_stm32f4xx.S:146: Error: bad instruction `dcd CAN2_SCE_IRQHandler'
../src/startup_stm32f4xx.S:146: Error: bad instruction `can2 SCE'
../src/startup_stm32f4xx.S:147: Error: bad instruction `dcd OTG_FS_IRQHandler'
../src/startup_stm32f4xx.S:147: Error: bad instruction `usb OTG FS'
../src/startup_stm32f4xx.S:148: Error: bad instruction `dcd DMA2_Stream5_IRQHandler'
../src/startup_stm32f4xx.S:148: Error: bad instruction `dma2 Stream 5'
../src/startup_stm32f4xx.S:149: Error: bad instruction `dcd DMA2_Stream6_IRQHandler'
../src/startup_stm32f4xx.S:149: Error: bad instruction `dma2 Stream 6'
../src/startup_stm32f4xx.S:150: Error: bad instruction `dcd DMA2_Stream7_IRQHandler'
../src/startup_stm32f4xx.S:150: Error: bad instruction `dma2 Stream 7'
../src/startup_stm32f4xx.S:151: Error: bad instruction `dcd USART6_IRQHandler'
../src/startup_stm32f4xx.S:151: Error: bad instruction `usart6'
../src/startup_stm32f4xx.S:152: Error: bad instruction `dcd I2C3_EV_IRQHandler'
../src/startup_stm32f4xx.S:152: Error: bad instruction `i2c3 event'
../src/startup_stm32f4xx.S:153: Error: bad instruction `dcd I2C3_ER_IRQHandler'
../src/startup_stm32f4xx.S:153: Error: bad instruction `i2c3 error'
../src/startup_stm32f4xx.S:154: Error: bad instruction `dcd OTG_HS_EP1_OUT_IRQHandler'
../src/startup_stm32f4xx.S:154: Error: bad instruction `usb OTG HS End Point 1 Out'
../src/startup_stm32f4xx.S:155: Error: bad instruction `dcd OTG_HS_EP1_IN_IRQHandler'
../src/startup_stm32f4xx.S:155: Error: bad instruction `usb OTG HS End Point 1 In'
../src/startup_stm32f4xx.S:156: Error: bad instruction `dcd OTG_HS_WKUP_IRQHandler'
../src/startup_stm32f4xx.S:156: Error: bad instruction `usb OTG HS Wakeup through EXTI'
../src/startup_stm32f4xx.S:157: Error: bad instruction `dcd OTG_HS_IRQHandler'
../src/startup_stm32f4xx.S:157: Error: bad instruction `usb OTG HS'
../src/startup_stm32f4xx.S:158: Error: bad instruction `dcd DCMI_IRQHandler'
../src/startup_stm32f4xx.S:158: Error: bad instruction `dcmi'
../src/startup_stm32f4xx.S:159: Error: bad instruction `dcd CRYP_IRQHandler'
../src/startup_stm32f4xx.S:159: Error: bad instruction `cryp crypto'
../src/startup_stm32f4xx.S:160: Error: bad instruction `dcd HASH_RNG_IRQHandler'
../src/startup_stm32f4xx.S:160: Error: bad instruction `hash and Rng'
../src/startup_stm32f4xx.S:161: Error: bad instruction `dcd FPU_IRQHandler'
../src/startup_stm32f4xx.S:161: Error: bad instruction `fpu'
../src/startup_stm32f4xx.S:163: Error: bad instruction `__vectors_end'
../src/startup_stm32f4xx.S:165: Error: bad instruction `__vectors_size EQU __Vectors_End-__Vectors'
../src/startup_stm32f4xx.S:167: Error: bad instruction `area |.text|,CODE,READONLY'
../src/startup_stm32f4xx.S:169: Error: bad instruction `reset handler'
../src/startup_stm32f4xx.S:170: Error: bad instruction `reset_handler PROC'
../src/startup_stm32f4xx.S:171: Error: bad instruction `export Reset_Handler [WEAK]'
../src/startup_stm32f4xx.S:172: Error: bad instruction `import SystemInit'
../src/startup_stm32f4xx.S:173: Error: bad instruction `import __main'
../src/startup_stm32f4xx.S:179: Error: bad instruction `endp'
../src/startup_stm32f4xx.S:181: Error: bad instruction `dummy Exception Handlers(infinite loops which can be modified)'
../src/startup_stm32f4xx.S:183: Error: bad instruction `nmi_handler PROC'
../src/startup_stm32f4xx.S:184: Error: bad instruction `export NMI_Handler [WEAK]'
../src/startup_stm32f4xx.S:186: Error: bad instruction `endp'
../src/startup_stm32f4xx.S:187: Error: bad instruction `hardfault_handler PROC'
../src/startup_stm32f4xx.S:189: Error: bad instruction `export HardFault_Handler [WEAK]'
../src/startup_stm32f4xx.S:191: Error: bad instruction `endp'
../src/startup_stm32f4xx.S:192: Error: bad instruction `memmanage_handler PROC'
../src/startup_stm32f4xx.S:194: Error: bad instruction `export MemManage_Handler [WEAK]'
../src/startup_stm32f4xx.S:196: Error: bad instruction `endp'
../src/startup_stm32f4xx.S:197: Error: bad instruction `busfault_handler PROC'
../src/startup_stm32f4xx.S:199: Error: bad instruction `export BusFault_Handler [WEAK]'
../src/startup_stm32f4xx.S:201: Error: bad instruction `endp'
../src/startup_stm32f4xx.S:202: Error: bad instruction `usagefault_handler PROC'
../src/startup_stm32f4xx.S:204: Error: bad instruction `export UsageFault_Handler [WEAK]'
../src/startup_stm32f4xx.S:206: Error: bad instruction `endp'
../src/startup_stm32f4xx.S:207: Error: bad instruction `svc_handler PROC'
../src/startup_stm32f4xx.S:208: Error: bad instruction `export SVC_Handler [WEAK]'
../src/startup_stm32f4xx.S:210: Error: bad instruction `endp'
../src/startup_stm32f4xx.S:211: Error: bad instruction `debugmon_handler PROC'
../src/startup_stm32f4xx.S:213: Error: bad instruction `export DebugMon_Handler [WEAK]'
../src/startup_stm32f4xx.S:215: Error: bad instruction `endp'
../src/startup_stm32f4xx.S:216: Error: bad instruction `pendsv_handler PROC'
../src/startup_stm32f4xx.S:217: Error: bad instruction `export PendSV_Handler [WEAK]'
../src/startup_stm32f4xx.S:219: Error: bad instruction `endp'
../src/startup_stm32f4xx.S:220: Error: bad instruction `systick_handler PROC'
../src/startup_stm32f4xx.S:221: Error: bad instruction `export SysTick_Handler [WEAK]'
../src/startup_stm32f4xx.S:223: Error: bad instruction `endp'
../src/startup_stm32f4xx.S:225: Error: bad instruction `default_handler PROC'
../src/startup_stm32f4xx.S:227: Error: bad instruction `export WWDG_IRQHandler [WEAK]'
../src/startup_stm32f4xx.S:228: Error: bad instruction `export PVD_IRQHandler [WEAK]'
../src/startup_stm32f4xx.S:229: Error: bad instruction `export TAMP_STAMP_IRQHandler [WEAK]'
../src/startup_stm32f4xx.S:230: Error: bad instruction `export RTC_WKUP_IRQHandler [WEAK]'
../src/startup_stm32f4xx.S:231: Error: bad instruction `export FLASH_IRQHandler [WEAK]'
../src/startup_stm32f4xx.S:232: Error: bad instruction `export RCC_IRQHandler [WEAK]'
../src/startup_stm32f4xx.S:233: Error: bad instruction `export EXTI0_IRQHandler [WEAK]'
../src/startup_stm32f4xx.S:234: Error: bad instruction `export EXTI1_IRQHandler [WEAK]'
../src/startup_stm32f4xx.S:235: Error: bad instruction `export EXTI2_IRQHandler [WEAK]'
../src/startup_stm32f4xx.S:236: Error: bad instruction `export EXTI3_IRQHandler [WEAK]'
../src/startup_stm32f4xx.S:237: Error: bad instruction `export EXTI4_IRQHandler [WEAK]'
../src/startup_stm32f4xx.S:238: Error: bad instruction `export DMA1_Stream0_IRQHandler [WEAK]'
../src/startup_stm32f4xx.S:239: Error: bad instruction `export DMA1_Stream1_IRQHandler [WEAK]'
../src/startup_stm32f4xx.S:240: Error: bad instruction `export DMA1_Stream2_IRQHandler [WEAK]'
../src/startup_stm32f4xx.S:241: Error: bad instruction `export DMA1_Stream3_IRQHandler [WEAK]'
../src/startup_stm32f4xx.S:242: Error: bad instruction `export DMA1_Stream4_IRQHandler [WEAK]'
../src/startup_stm32f4xx.S:243: Error: bad instruction `export DMA1_Stream5_IRQHandler [WEAK]'
../src/startup_stm32f4xx.S:244: Error: bad instruction `export DMA1_Stream6_IRQHandler [WEAK]'
../src/startup_stm32f4xx.S:245: Error: bad instruction `export ADC_IRQHandler [WEAK]'
../src/startup_stm32f4xx.S:246: Error: bad instruction `export CAN1_TX_IRQHandler [WEAK]'
../src/startup_stm32f4xx.S:247: Error: bad instruction `export CAN1_RX0_IRQHandler [WEAK]'
../src/startup_stm32f4xx.S:248: Error: bad instruction `export CAN1_RX1_IRQHandler [WEAK]'
../src/startup_stm32f4xx.S:249: Error: bad instruction `export CAN1_SCE_IRQHandler [WEAK]'
../src/startup_stm32f4xx.S:250: Error: bad instruction `export EXTI9_5_IRQHandler [WEAK]'
../src/startup_stm32f4xx.S:251: Error: bad instruction `export TIM1_BRK_TIM9_IRQHandler [WEAK]'
../src/startup_stm32f4xx.S:252: Error: bad instruction `export TIM1_UP_TIM10_IRQHandler [WEAK]'
../src/startup_stm32f4xx.S:253: Error: bad instruction `export TIM1_TRG_COM_TIM11_IRQHandler [WEAK]'
../src/startup_stm32f4xx.S:254: Error: bad instruction `export TIM1_CC_IRQHandler [WEAK]'
../src/startup_stm32f4xx.S:255: Error: bad instruction `export TIM2_IRQHandler [WEAK]'
../src/startup_stm32f4xx.S:256: Error: bad instruction `export TIM3_IRQHandler [WEAK]'
../src/startup_stm32f4xx.S:257: Error: bad instruction `export TIM4_IRQHandler [WEAK]'
../src/startup_stm32f4xx.S:258: Error: bad instruction `export I2C1_EV_IRQHandler [WEAK]'
../src/startup_stm32f4xx.S:259: Error: bad instruction `export I2C1_ER_IRQHandler [WEAK]'
../src/startup_stm32f4xx.S:260: Error: bad instruction `export I2C2_EV_IRQHandler [WEAK]'
../src/startup_stm32f4xx.S:261: Error: bad instruction `export I2C2_ER_IRQHandler [WEAK]'
../src/startup_stm32f4xx.S:262: Error: bad instruction `export SPI1_IRQHandler [WEAK]'
../src/startup_stm32f4xx.S:263: Error: bad instruction `export SPI2_IRQHandler [WEAK]'
../src/startup_stm32f4xx.S:264: Error: bad instruction `export USART1_IRQHandler [WEAK]'
../src/startup_stm32f4xx.S:265: Error: bad instruction `export USART2_IRQHandler [WEAK]'
../src/startup_stm32f4xx.S:266: Error: bad instruction `export USART3_IRQHandler [WEAK]'
../src/startup_stm32f4xx.S:267: Error: bad instruction `export EXTI15_10_IRQHandler [WEAK]'
../src/startup_stm32f4xx.S:268: Error: bad instruction `export RTC_Alarm_IRQHandler [WEAK]'
../src/startup_stm32f4xx.S:269: Error: bad instruction `export OTG_FS_WKUP_IRQHandler [WEAK]'
../src/startup_stm32f4xx.S:270: Error: bad instruction `export TIM8_BRK_TIM12_IRQHandler [WEAK]'
../src/startup_stm32f4xx.S:271: Error: bad instruction `export TIM8_UP_TIM13_IRQHandler [WEAK]'
../src/startup_stm32f4xx.S:272: Error: bad instruction `export TIM8_TRG_COM_TIM14_IRQHandler [WEAK]'
../src/startup_stm32f4xx.S:273: Error: bad instruction `export TIM8_CC_IRQHandler [WEAK]'
../src/startup_stm32f4xx.S:274: Error: bad instruction `export DMA1_Stream7_IRQHandler [WEAK]'
../src/startup_stm32f4xx.S:275: Error: bad instruction `export FSMC_IRQHandler [WEAK]'
../src/startup_stm32f4xx.S:276: Error: bad instruction `export SDIO_IRQHandler [WEAK]'
../src/startup_stm32f4xx.S:277: Error: bad instruction `export TIM5_IRQHandler [WEAK]'
../src/startup_stm32f4xx.S:278: Error: bad instruction `export SPI3_IRQHandler [WEAK]'
../src/startup_stm32f4xx.S:279: Error: bad instruction `export UART4_IRQHandler [WEAK]'
../src/startup_stm32f4xx.S:280: Error: bad instruction `export UART5_IRQHandler [WEAK]'
../src/startup_stm32f4xx.S:281: Error: bad instruction `export TIM6_DAC_IRQHandler [WEAK]'
../src/startup_stm32f4xx.S:282: Error: bad instruction `export TIM7_IRQHandler [WEAK]'
../src/startup_stm32f4xx.S:283: Error: bad instruction `export DMA2_Stream0_IRQHandler [WEAK]'
../src/startup_stm32f4xx.S:284: Error: bad instruction `export DMA2_Stream1_IRQHandler [WEAK]'
../src/startup_stm32f4xx.S:285: Error: bad instruction `export DMA2_Stream2_IRQHandler [WEAK]'
../src/startup_stm32f4xx.S:286: Error: bad instruction `export DMA2_Stream3_IRQHandler [WEAK]'
../src/startup_stm32f4xx.S:287: Error: bad instruction `export DMA2_Stream4_IRQHandler [WEAK]'
../src/startup_stm32f4xx.S:288: Error: bad instruction `export ETH_IRQHandler [WEAK]'
../src/startup_stm32f4xx.S:289: Error: bad instruction `export ETH_WKUP_IRQHandler [WEAK]'
../src/startup_stm32f4xx.S:290: Error: bad instruction `export CAN2_TX_IRQHandler [WEAK]'
../src/startup_stm32f4xx.S:291: Error: bad instruction `export CAN2_RX0_IRQHandler [WEAK]'
../src/startup_stm32f4xx.S:292: Error: bad instruction `export CAN2_RX1_IRQHandler [WEAK]'
../src/startup_stm32f4xx.S:293: Error: bad instruction `export CAN2_SCE_IRQHandler [WEAK]'
../src/startup_stm32f4xx.S:294: Error: bad instruction `export OTG_FS_IRQHandler [WEAK]'
../src/startup_stm32f4xx.S:295: Error: bad instruction `export DMA2_Stream5_IRQHandler [WEAK]'
../src/startup_stm32f4xx.S:296: Error: bad instruction `export DMA2_Stream6_IRQHandler [WEAK]'
../src/startup_stm32f4xx.S:297: Error: bad instruction `export DMA2_Stream7_IRQHandler [WEAK]'
../src/startup_stm32f4xx.S:298: Error: bad instruction `export USART6_IRQHandler [WEAK]'
../src/startup_stm32f4xx.S:299: Error: bad instruction `export I2C3_EV_IRQHandler [WEAK]'
../src/startup_stm32f4xx.S:300: Error: bad instruction `export I2C3_ER_IRQHandler [WEAK]'
../src/startup_stm32f4xx.S:301: Error: bad instruction `export OTG_HS_EP1_OUT_IRQHandler [WEAK]'
../src/startup_stm32f4xx.S:302: Error: bad instruction `export OTG_HS_EP1_IN_IRQHandler [WEAK]'
../src/startup_stm32f4xx.S:303: Error: bad instruction `export OTG_HS_WKUP_IRQHandler [WEAK]'
../src/startup_stm32f4xx.S:304: Error: bad instruction `export OTG_HS_IRQHandler [WEAK]'
../src/startup_stm32f4xx.S:305: Error: bad instruction `export DCMI_IRQHandler [WEAK]'
../src/startup_stm32f4xx.S:306: Error: bad instruction `export CRYP_IRQHandler [WEAK]'
../src/startup_stm32f4xx.S:307: Error: bad instruction `export HASH_RNG_IRQHandler [WEAK]'
../src/startup_stm32f4xx.S:308: Error: bad instruction `export FPU_IRQHandler [WEAK]'
../src/startup_stm32f4xx.S:310: Error: bad instruction `wwdg_irqhandler'
../src/startup_stm32f4xx.S:311: Error: bad instruction `pvd_irqhandler'
../src/startup_stm32f4xx.S:312: Error: bad instruction `tamp_stamp_irqhandler'
../src/startup_stm32f4xx.S:313: Error: bad instruction `rtc_wkup_irqhandler'
../src/startup_stm32f4xx.S:314: Error: bad instruction `flash_irqhandler'
../src/startup_stm32f4xx.S:315: Error: bad instruction `rcc_irqhandler'
../src/startup_stm32f4xx.S:316: Error: bad instruction `exti0_irqhandler'
../src/startup_stm32f4xx.S:317: Error: bad instruction `exti1_irqhandler'
../src/startup_stm32f4xx.S:318: Error: bad instruction `exti2_irqhandler'
../src/startup_stm32f4xx.S:319: Error: bad instruction `exti3_irqhandler'
../src/startup_stm32f4xx.S:320: Error: bad instruction `exti4_irqhandler'
../src/startup_stm32f4xx.S:321: Error: bad instruction `dma1_stream0_irqhandler'
../src/startup_stm32f4xx.S:322: Error: bad instruction `dma1_stream1_irqhandler'
../src/startup_stm32f4xx.S:323: Error: bad instruction `dma1_stream2_irqhandler'
../src/startup_stm32f4xx.S:324: Error: bad instruction `dma1_stream3_irqhandler'
../src/startup_stm32f4xx.S:325: Error: bad instruction `dma1_stream4_irqhandler'
../src/startup_stm32f4xx.S:326: Error: bad instruction `dma1_stream5_irqhandler'
../src/startup_stm32f4xx.S:327: Error: bad instruction `dma1_stream6_irqhandler'
../src/startup_stm32f4xx.S:328: Error: bad instruction `adc_irqhandler'
../src/startup_stm32f4xx.S:329: Error: bad instruction `can1_tx_irqhandler'
../src/startup_stm32f4xx.S:330: Error: bad instruction `can1_rx0_irqhandler'
../src/startup_stm32f4xx.S:331: Error: bad instruction `can1_rx1_irqhandler'
../src/startup_stm32f4xx.S:332: Error: bad instruction `can1_sce_irqhandler'
../src/startup_stm32f4xx.S:333: Error: bad instruction `exti9_5_irqhandler'
../src/startup_stm32f4xx.S:334: Error: bad instruction `tim1_brk_tim9_irqhandler'
../src/startup_stm32f4xx.S:335: Error: bad instruction `tim1_up_tim10_irqhandler'
../src/startup_stm32f4xx.S:336: Error: bad instruction `tim1_trg_com_tim11_irqhandler'
../src/startup_stm32f4xx.S:337: Error: bad instruction `tim1_cc_irqhandler'
../src/startup_stm32f4xx.S:338: Error: bad instruction `tim2_irqhandler'
../src/startup_stm32f4xx.S:339: Error: bad instruction `tim3_irqhandler'
../src/startup_stm32f4xx.S:340: Error: bad instruction `tim4_irqhandler'
../src/startup_stm32f4xx.S:341: Error: bad instruction `i2c1_ev_irqhandler'
../src/startup_stm32f4xx.S:342: Error: bad instruction `i2c1_er_irqhandler'
../src/startup_stm32f4xx.S:343: Error: bad instruction `i2c2_ev_irqhandler'
../src/startup_stm32f4xx.S:344: Error: bad instruction `i2c2_er_irqhandler'
../src/startup_stm32f4xx.S:345: Error: bad instruction `spi1_irqhandler'
../src/startup_stm32f4xx.S:346: Error: bad instruction `spi2_irqhandler'
../src/startup_stm32f4xx.S:347: Error: bad instruction `usart1_irqhandler'
../src/startup_stm32f4xx.S:348: Error: bad instruction `usart2_irqhandler'
../src/startup_stm32f4xx.S:349: Error: bad instruction `usart3_irqhandler'
../src/startup_stm32f4xx.S:350: Error: bad instruction `exti15_10_irqhandler'
../src/startup_stm32f4xx.S:351: Error: bad instruction `rtc_alarm_irqhandler'
../src/startup_stm32f4xx.S:352: Error: bad instruction `otg_fs_wkup_irqhandler'
../src/startup_stm32f4xx.S:353: Error: bad instruction `tim8_brk_tim12_irqhandler'
../src/startup_stm32f4xx.S:354: Error: bad instruction `tim8_up_tim13_irqhandler'
../src/startup_stm32f4xx.S:355: Error: bad instruction `tim8_trg_com_tim14_irqhandler'
../src/startup_stm32f4xx.S:356: Error: bad instruction `tim8_cc_irqhandler'
../src/startup_stm32f4xx.S:357: Error: bad instruction `dma1_stream7_irqhandler'
../src/startup_stm32f4xx.S:358: Error: bad instruction `fsmc_irqhandler'
../src/startup_stm32f4xx.S:359: Error: bad instruction `sdio_irqhandler'
../src/startup_stm32f4xx.S:360: Error: bad instruction `tim5_irqhandler'
../src/startup_stm32f4xx.S:361: Error: bad instruction `spi3_irqhandler'
../src/startup_stm32f4xx.S:362: Error: bad instruction `uart4_irqhandler'
../src/startup_stm32f4xx.S:363: Error: bad instruction `uart5_irqhandler'
../src/startup_stm32f4xx.S:364: Error: bad instruction `tim6_dac_irqhandler'
../src/startup_stm32f4xx.S:365: Error: bad instruction `tim7_irqhandler'
../src/startup_stm32f4xx.S:366: Error: bad instruction `dma2_stream0_irqhandler'
../src/startup_stm32f4xx.S:367: Error: bad instruction `dma2_stream1_irqhandler'
../src/startup_stm32f4xx.S:368: Error: bad instruction `dma2_stream2_irqhandler'
../src/startup_stm32f4xx.S:369: Error: bad instruction `dma2_stream3_irqhandler'
../src/startup_stm32f4xx.S:370: Error: bad instruction `dma2_stream4_irqhandler'
../src/startup_stm32f4xx.S:371: Error: bad instruction `eth_irqhandler'
../src/startup_stm32f4xx.S:372: Error: bad instruction `eth_wkup_irqhandler'
../src/startup_stm32f4xx.S:373: Error: bad instruction `can2_tx_irqhandler'
../src/startup_stm32f4xx.S:374: Error: bad instruction `can2_rx0_irqhandler'
../src/startup_stm32f4xx.S:375: Error: bad instruction `can2_rx1_irqhandler'
../src/startup_stm32f4xx.S:376: Error: bad instruction `can2_sce_irqhandler'
../src/startup_stm32f4xx.S:377: Error: bad instruction `otg_fs_irqhandler'
../src/startup_stm32f4xx.S:378: Error: bad instruction `dma2_stream5_irqhandler'
../src/startup_stm32f4xx.S:379: Error: bad instruction `dma2_stream6_irqhandler'
../src/startup_stm32f4xx.S:380: Error: bad instruction `dma2_stream7_irqhandler'
../src/startup_stm32f4xx.S:381: Error: bad instruction `usart6_irqhandler'
../src/startup_stm32f4xx.S:382: Error: bad instruction `i2c3_ev_irqhandler'
../src/startup_stm32f4xx.S:383: Error: bad instruction `i2c3_er_irqhandler'
../src/startup_stm32f4xx.S:384: Error: bad instruction `otg_hs_ep1_out_irqhandler'
../src/startup_stm32f4xx.S:385: Error: bad instruction `otg_hs_ep1_in_irqhandler'
../src/startup_stm32f4xx.S:386: Error: bad instruction `otg_hs_wkup_irqhandler'
../src/startup_stm32f4xx.S:387: Error: bad instruction `otg_hs_irqhandler'
../src/startup_stm32f4xx.S:388: Error: bad instruction `dcmi_irqhandler'
../src/startup_stm32f4xx.S:389: Error: bad instruction `cryp_irqhandler'
../src/startup_stm32f4xx.S:390: Error: bad instruction `hash_rng_irqhandler'
../src/startup_stm32f4xx.S:391: Error: bad instruction `fpu_irqhandler'
../src/startup_stm32f4xx.S:395: Error: bad instruction `endp'
../src/startup_stm32f4xx.S:397: Error: bad instruction `align'
../src/startup_stm32f4xx.S:399: Error: junk at end of line, first unrecognized character is `*'
../src/startup_stm32f4xx.S:400: Error: bad instruction `user Stack and Heap initialization'
../src/startup_stm32f4xx.S:401: Error: junk at end of line, first unrecognized character is `*'
../src/startup_stm32f4xx.S:402: Error: bad instruction `__microlib'
../src/startup_stm32f4xx.S:404: Error: bad instruction `export __initial_sp'
../src/startup_stm32f4xx.S:405: Error: bad instruction `export __heap_base'
../src/startup_stm32f4xx.S:406: Error: bad instruction `export __heap_limit'
../src/startup_stm32f4xx.S:408: Error: bad instruction `else'
../src/startup_stm32f4xx.S:410: Error: bad instruction `import __use_two_region_memory'
../src/startup_stm32f4xx.S:411: Error: bad instruction `export __user_initial_stackheap'
../src/startup_stm32f4xx.S:413: Error: bad instruction `__user_initial_stackheap'
../src/startup_stm32f4xx.S:416: Error: constant expression expected -- `ldr R1,=(Stack_Mem+Stack_Size)'
../src/startup_stm32f4xx.S:417: Error: constant expression expected -- `ldr R2,=(Heap_Mem+Heap_Size)'
../src/startup_stm32f4xx.S:421: Error: bad instruction `align'
../src/startup_stm32f4xx.S:423: Error: bad instruction `endif'
../src/startup_stm32f4xx.S:425: Error: bad instruction `end'
../src/startup_stm32f4xx.S:427: Error: junk at end of line, first unrecognized character is `*'
make: *** [src/startup_stm32f4xx.o] Error 1

13:57:37 Build Finished (took 674ms)

