   1              		.syntax unified
   2              		.cpu cortex-m4
   3              		.fpu softvfp
   4              		.eabi_attribute 20, 1
   5              		.eabi_attribute 21, 1
   6              		.eabi_attribute 23, 3
   7              		.eabi_attribute 24, 1
   8              		.eabi_attribute 25, 1
   9              		.eabi_attribute 26, 1
  10              		.eabi_attribute 30, 1
  11              		.eabi_attribute 34, 1
  12              		.eabi_attribute 18, 4
  13              		.thumb
  14              		.file	"stm32f4xx_cryp_tdes.c"
  15              		.text
  16              	.Ltext0:
  17              		.cfi_sections	.debug_frame
  18              		.align	2
  19              		.global	CRYP_TDES_ECB
  20              		.thumb
  21              		.thumb_func
  23              	CRYP_TDES_ECB:
  24              	.LFB110:
  25              		.file 1 "../STM32F4xx_StdPeriph_Driver/src/stm32f4xx_cryp_tdes.c"
   1:../STM32F4xx_StdPeriph_Driver/src/stm32f4xx_cryp_tdes.c **** /**
   2:../STM32F4xx_StdPeriph_Driver/src/stm32f4xx_cryp_tdes.c ****   ******************************************************************************
   3:../STM32F4xx_StdPeriph_Driver/src/stm32f4xx_cryp_tdes.c ****   * @file    stm32f4xx_cryp_tdes.c
   4:../STM32F4xx_StdPeriph_Driver/src/stm32f4xx_cryp_tdes.c ****   * @author  MCD Application Team
   5:../STM32F4xx_StdPeriph_Driver/src/stm32f4xx_cryp_tdes.c ****   * @version V1.0.0
   6:../STM32F4xx_StdPeriph_Driver/src/stm32f4xx_cryp_tdes.c ****   * @date    30-September-2011
   7:../STM32F4xx_StdPeriph_Driver/src/stm32f4xx_cryp_tdes.c ****   * @brief   This file provides high level functions to encrypt and decrypt an 
   8:../STM32F4xx_StdPeriph_Driver/src/stm32f4xx_cryp_tdes.c ****   *          input message using TDES in ECB/CBC modes .
   9:../STM32F4xx_StdPeriph_Driver/src/stm32f4xx_cryp_tdes.c ****   *          It uses the stm32f4xx_cryp.c/.h drivers to access the STM32F4xx CRYP
  10:../STM32F4xx_StdPeriph_Driver/src/stm32f4xx_cryp_tdes.c ****   *          peripheral.
  11:../STM32F4xx_StdPeriph_Driver/src/stm32f4xx_cryp_tdes.c ****   *
  12:../STM32F4xx_StdPeriph_Driver/src/stm32f4xx_cryp_tdes.c ****   *  @verbatim
  13:../STM32F4xx_StdPeriph_Driver/src/stm32f4xx_cryp_tdes.c ****   *
  14:../STM32F4xx_StdPeriph_Driver/src/stm32f4xx_cryp_tdes.c ****   *          ===================================================================
  15:../STM32F4xx_StdPeriph_Driver/src/stm32f4xx_cryp_tdes.c ****   *                                   How to use this driver
  16:../STM32F4xx_StdPeriph_Driver/src/stm32f4xx_cryp_tdes.c ****   *          ===================================================================
  17:../STM32F4xx_StdPeriph_Driver/src/stm32f4xx_cryp_tdes.c ****   *          1. Enable The CRYP controller clock using 
  18:../STM32F4xx_StdPeriph_Driver/src/stm32f4xx_cryp_tdes.c ****   *            RCC_AHB2PeriphClockCmd(RCC_AHB2Periph_CRYP, ENABLE); function.
  19:../STM32F4xx_StdPeriph_Driver/src/stm32f4xx_cryp_tdes.c ****   *
  20:../STM32F4xx_StdPeriph_Driver/src/stm32f4xx_cryp_tdes.c ****   *          2. Encrypt and decrypt using TDES in ECB Mode using CRYP_TDES_ECB()
  21:../STM32F4xx_StdPeriph_Driver/src/stm32f4xx_cryp_tdes.c ****   *             function.
  22:../STM32F4xx_StdPeriph_Driver/src/stm32f4xx_cryp_tdes.c ****   *
  23:../STM32F4xx_StdPeriph_Driver/src/stm32f4xx_cryp_tdes.c ****   *          3. Encrypt and decrypt using TDES in CBC Mode using CRYP_TDES_CBC()
  24:../STM32F4xx_StdPeriph_Driver/src/stm32f4xx_cryp_tdes.c ****   *             function.
  25:../STM32F4xx_StdPeriph_Driver/src/stm32f4xx_cryp_tdes.c ****   *
  26:../STM32F4xx_StdPeriph_Driver/src/stm32f4xx_cryp_tdes.c ****   *  @endverbatim
  27:../STM32F4xx_StdPeriph_Driver/src/stm32f4xx_cryp_tdes.c ****   *
  28:../STM32F4xx_StdPeriph_Driver/src/stm32f4xx_cryp_tdes.c ****   ******************************************************************************
  29:../STM32F4xx_StdPeriph_Driver/src/stm32f4xx_cryp_tdes.c ****   * @attention
  30:../STM32F4xx_StdPeriph_Driver/src/stm32f4xx_cryp_tdes.c ****   *
  31:../STM32F4xx_StdPeriph_Driver/src/stm32f4xx_cryp_tdes.c ****   * THE PRESENT FIRMWARE WHICH IS FOR GUIDANCE ONLY AIMS AT PROVIDING CUSTOMERS
  32:../STM32F4xx_StdPeriph_Driver/src/stm32f4xx_cryp_tdes.c ****   * WITH CODING INFORMATION REGARDING THEIR PRODUCTS IN ORDER FOR THEM TO SAVE
  33:../STM32F4xx_StdPeriph_Driver/src/stm32f4xx_cryp_tdes.c ****   * TIME. AS A RESULT, STMICROELECTRONICS SHALL NOT BE HELD LIABLE FOR ANY
  34:../STM32F4xx_StdPeriph_Driver/src/stm32f4xx_cryp_tdes.c ****   * DIRECT, INDIRECT OR CONSEQUENTIAL DAMAGES WITH RESPECT TO ANY CLAIMS ARISING
  35:../STM32F4xx_StdPeriph_Driver/src/stm32f4xx_cryp_tdes.c ****   * FROM THE CONTENT OF SUCH FIRMWARE AND/OR THE USE MADE BY CUSTOMERS OF THE
  36:../STM32F4xx_StdPeriph_Driver/src/stm32f4xx_cryp_tdes.c ****   * CODING INFORMATION CONTAINED HEREIN IN CONNECTION WITH THEIR PRODUCTS.
  37:../STM32F4xx_StdPeriph_Driver/src/stm32f4xx_cryp_tdes.c ****   *
  38:../STM32F4xx_StdPeriph_Driver/src/stm32f4xx_cryp_tdes.c ****   * <h2><center>&copy; COPYRIGHT 2011 STMicroelectronics</center></h2>
  39:../STM32F4xx_StdPeriph_Driver/src/stm32f4xx_cryp_tdes.c ****   ******************************************************************************
  40:../STM32F4xx_StdPeriph_Driver/src/stm32f4xx_cryp_tdes.c ****   */ 
  41:../STM32F4xx_StdPeriph_Driver/src/stm32f4xx_cryp_tdes.c **** 
  42:../STM32F4xx_StdPeriph_Driver/src/stm32f4xx_cryp_tdes.c **** /* Includes ------------------------------------------------------------------*/
  43:../STM32F4xx_StdPeriph_Driver/src/stm32f4xx_cryp_tdes.c **** #include "stm32f4xx_cryp.h"
  44:../STM32F4xx_StdPeriph_Driver/src/stm32f4xx_cryp_tdes.c **** 
  45:../STM32F4xx_StdPeriph_Driver/src/stm32f4xx_cryp_tdes.c **** 
  46:../STM32F4xx_StdPeriph_Driver/src/stm32f4xx_cryp_tdes.c **** /** @addtogroup STM32F4xx_StdPeriph_Driver
  47:../STM32F4xx_StdPeriph_Driver/src/stm32f4xx_cryp_tdes.c ****   * @{
  48:../STM32F4xx_StdPeriph_Driver/src/stm32f4xx_cryp_tdes.c ****   */
  49:../STM32F4xx_StdPeriph_Driver/src/stm32f4xx_cryp_tdes.c **** 
  50:../STM32F4xx_StdPeriph_Driver/src/stm32f4xx_cryp_tdes.c **** /** @defgroup CRYP 
  51:../STM32F4xx_StdPeriph_Driver/src/stm32f4xx_cryp_tdes.c ****   * @brief CRYP driver modules
  52:../STM32F4xx_StdPeriph_Driver/src/stm32f4xx_cryp_tdes.c ****   * @{
  53:../STM32F4xx_StdPeriph_Driver/src/stm32f4xx_cryp_tdes.c ****   */
  54:../STM32F4xx_StdPeriph_Driver/src/stm32f4xx_cryp_tdes.c **** 
  55:../STM32F4xx_StdPeriph_Driver/src/stm32f4xx_cryp_tdes.c **** /* Private typedef -----------------------------------------------------------*/
  56:../STM32F4xx_StdPeriph_Driver/src/stm32f4xx_cryp_tdes.c **** /* Private define ------------------------------------------------------------*/
  57:../STM32F4xx_StdPeriph_Driver/src/stm32f4xx_cryp_tdes.c **** #define TDESBUSY_TIMEOUT    ((uint32_t) 0x00010000)
  58:../STM32F4xx_StdPeriph_Driver/src/stm32f4xx_cryp_tdes.c **** 
  59:../STM32F4xx_StdPeriph_Driver/src/stm32f4xx_cryp_tdes.c **** /* Private macro -------------------------------------------------------------*/
  60:../STM32F4xx_StdPeriph_Driver/src/stm32f4xx_cryp_tdes.c **** /* Private variables ---------------------------------------------------------*/
  61:../STM32F4xx_StdPeriph_Driver/src/stm32f4xx_cryp_tdes.c **** /* Private function prototypes -----------------------------------------------*/
  62:../STM32F4xx_StdPeriph_Driver/src/stm32f4xx_cryp_tdes.c **** /* Private functions ---------------------------------------------------------*/
  63:../STM32F4xx_StdPeriph_Driver/src/stm32f4xx_cryp_tdes.c **** 
  64:../STM32F4xx_StdPeriph_Driver/src/stm32f4xx_cryp_tdes.c **** 
  65:../STM32F4xx_StdPeriph_Driver/src/stm32f4xx_cryp_tdes.c **** /** @defgroup CRYP_Private_Functions
  66:../STM32F4xx_StdPeriph_Driver/src/stm32f4xx_cryp_tdes.c ****   * @{
  67:../STM32F4xx_StdPeriph_Driver/src/stm32f4xx_cryp_tdes.c ****   */ 
  68:../STM32F4xx_StdPeriph_Driver/src/stm32f4xx_cryp_tdes.c **** 
  69:../STM32F4xx_StdPeriph_Driver/src/stm32f4xx_cryp_tdes.c **** /** @defgroup CRYP_Group7 High Level TDES functions
  70:../STM32F4xx_StdPeriph_Driver/src/stm32f4xx_cryp_tdes.c ****  *  @brief   High Level TDES functions 
  71:../STM32F4xx_StdPeriph_Driver/src/stm32f4xx_cryp_tdes.c ****  *
  72:../STM32F4xx_StdPeriph_Driver/src/stm32f4xx_cryp_tdes.c **** @verbatim   
  73:../STM32F4xx_StdPeriph_Driver/src/stm32f4xx_cryp_tdes.c ****  ===============================================================================
  74:../STM32F4xx_StdPeriph_Driver/src/stm32f4xx_cryp_tdes.c ****                           High Level TDES functions
  75:../STM32F4xx_StdPeriph_Driver/src/stm32f4xx_cryp_tdes.c ****  ===============================================================================
  76:../STM32F4xx_StdPeriph_Driver/src/stm32f4xx_cryp_tdes.c **** 
  77:../STM32F4xx_StdPeriph_Driver/src/stm32f4xx_cryp_tdes.c **** 
  78:../STM32F4xx_StdPeriph_Driver/src/stm32f4xx_cryp_tdes.c **** @endverbatim
  79:../STM32F4xx_StdPeriph_Driver/src/stm32f4xx_cryp_tdes.c ****   * @{
  80:../STM32F4xx_StdPeriph_Driver/src/stm32f4xx_cryp_tdes.c ****   */
  81:../STM32F4xx_StdPeriph_Driver/src/stm32f4xx_cryp_tdes.c **** 
  82:../STM32F4xx_StdPeriph_Driver/src/stm32f4xx_cryp_tdes.c **** /**
  83:../STM32F4xx_StdPeriph_Driver/src/stm32f4xx_cryp_tdes.c ****   * @brief  Encrypt and decrypt using TDES in ECB Mode
  84:../STM32F4xx_StdPeriph_Driver/src/stm32f4xx_cryp_tdes.c ****   * @param  Mode: encryption or decryption Mode.
  85:../STM32F4xx_StdPeriph_Driver/src/stm32f4xx_cryp_tdes.c ****   *           This parameter can be one of the following values:
  86:../STM32F4xx_StdPeriph_Driver/src/stm32f4xx_cryp_tdes.c ****   *            @arg MODE_ENCRYPT: Encryption
  87:../STM32F4xx_StdPeriph_Driver/src/stm32f4xx_cryp_tdes.c ****   *            @arg MODE_DECRYPT: Decryption
  88:../STM32F4xx_StdPeriph_Driver/src/stm32f4xx_cryp_tdes.c ****   * @param  Key: Key used for TDES algorithm.
  89:../STM32F4xx_StdPeriph_Driver/src/stm32f4xx_cryp_tdes.c ****   * @param  Ilength: length of the Input buffer, must be a multiple of 8.
  90:../STM32F4xx_StdPeriph_Driver/src/stm32f4xx_cryp_tdes.c ****   * @param  Input: pointer to the Input buffer.
  91:../STM32F4xx_StdPeriph_Driver/src/stm32f4xx_cryp_tdes.c ****   * @param  Output: pointer to the returned buffer.
  92:../STM32F4xx_StdPeriph_Driver/src/stm32f4xx_cryp_tdes.c ****   * @retval An ErrorStatus enumeration value:
  93:../STM32F4xx_StdPeriph_Driver/src/stm32f4xx_cryp_tdes.c ****   *          - SUCCESS: Operation done
  94:../STM32F4xx_StdPeriph_Driver/src/stm32f4xx_cryp_tdes.c ****   *          - ERROR: Operation failed
  95:../STM32F4xx_StdPeriph_Driver/src/stm32f4xx_cryp_tdes.c ****   */
  96:../STM32F4xx_StdPeriph_Driver/src/stm32f4xx_cryp_tdes.c **** ErrorStatus CRYP_TDES_ECB(uint8_t Mode, uint8_t Key[24], uint8_t *Input, 
  97:../STM32F4xx_StdPeriph_Driver/src/stm32f4xx_cryp_tdes.c ****                           uint32_t Ilength, uint8_t *Output)
  98:../STM32F4xx_StdPeriph_Driver/src/stm32f4xx_cryp_tdes.c **** {
  26              		.loc 1 98 0
  27              		.cfi_startproc
  28              		@ args = 4, pretend = 0, frame = 48
  29              		@ frame_needed = 0, uses_anonymous_args = 0
  30              	.LVL0:
  31 0000 2DE9F047 		push	{r4, r5, r6, r7, r8, r9, r10, lr}
  32              		.cfi_def_cfa_offset 32
  33              		.cfi_offset 4, -32
  34              		.cfi_offset 5, -28
  35              		.cfi_offset 6, -24
  36              		.cfi_offset 7, -20
  37              		.cfi_offset 8, -16
  38              		.cfi_offset 9, -12
  39              		.cfi_offset 10, -8
  40              		.cfi_offset 14, -4
  41 0004 8CB0     		sub	sp, sp, #48
  42              		.cfi_def_cfa_offset 80
  43 0006 0646     		mov	r6, r0
  44 0008 0C46     		mov	r4, r1
  45 000a 9A46     		mov	r10, r3
  99:../STM32F4xx_StdPeriph_Driver/src/stm32f4xx_cryp_tdes.c ****   CRYP_InitTypeDef TDES_CRYP_InitStructure;
 100:../STM32F4xx_StdPeriph_Driver/src/stm32f4xx_cryp_tdes.c ****   CRYP_KeyInitTypeDef TDES_CRYP_KeyInitStructure;
 101:../STM32F4xx_StdPeriph_Driver/src/stm32f4xx_cryp_tdes.c ****   __IO uint32_t counter = 0;
  46              		.loc 1 101 0
  47 000c 0023     		movs	r3, #0
  48              	.LVL1:
  49 000e 0193     		str	r3, [sp, #4]
  50              	.LVL2:
 102:../STM32F4xx_StdPeriph_Driver/src/stm32f4xx_cryp_tdes.c ****   uint32_t busystatus = 0;
 103:../STM32F4xx_StdPeriph_Driver/src/stm32f4xx_cryp_tdes.c ****   ErrorStatus status = SUCCESS;
 104:../STM32F4xx_StdPeriph_Driver/src/stm32f4xx_cryp_tdes.c ****   uint32_t keyaddr    = (uint32_t)Key;
 105:../STM32F4xx_StdPeriph_Driver/src/stm32f4xx_cryp_tdes.c ****   uint32_t inputaddr  = (uint32_t)Input;
  51              		.loc 1 105 0
  52 0010 1546     		mov	r5, r2
  53              	.LVL3:
 106:../STM32F4xx_StdPeriph_Driver/src/stm32f4xx_cryp_tdes.c ****   uint32_t outputaddr = (uint32_t)Output;
  54              		.loc 1 106 0
  55 0012 DDF85090 		ldr	r9, [sp, #80]
  56              	.LVL4:
 107:../STM32F4xx_StdPeriph_Driver/src/stm32f4xx_cryp_tdes.c ****   uint32_t i = 0;
 108:../STM32F4xx_StdPeriph_Driver/src/stm32f4xx_cryp_tdes.c **** 
 109:../STM32F4xx_StdPeriph_Driver/src/stm32f4xx_cryp_tdes.c ****   /* Crypto structures initialisation*/
 110:../STM32F4xx_StdPeriph_Driver/src/stm32f4xx_cryp_tdes.c ****   CRYP_KeyStructInit(&TDES_CRYP_KeyInitStructure);
  57              		.loc 1 110 0
  58 0016 02A8     		add	r0, sp, #8
  59              	.LVL5:
  60 0018 FFF7FEFF 		bl	CRYP_KeyStructInit
  61              	.LVL6:
 111:../STM32F4xx_StdPeriph_Driver/src/stm32f4xx_cryp_tdes.c **** 
 112:../STM32F4xx_StdPeriph_Driver/src/stm32f4xx_cryp_tdes.c ****   /* Crypto Init for Encryption process */
 113:../STM32F4xx_StdPeriph_Driver/src/stm32f4xx_cryp_tdes.c ****   if(Mode == MODE_ENCRYPT) /* TDES encryption */
  62              		.loc 1 113 0
  63 001c 012E     		cmp	r6, #1
 114:../STM32F4xx_StdPeriph_Driver/src/stm32f4xx_cryp_tdes.c ****   {
 115:../STM32F4xx_StdPeriph_Driver/src/stm32f4xx_cryp_tdes.c ****      TDES_CRYP_InitStructure.CRYP_AlgoDir = CRYP_AlgoDir_Encrypt;
  64              		.loc 1 115 0
  65 001e 0CBF     		ite	eq
  66 0020 0023     		moveq	r3, #0
 116:../STM32F4xx_StdPeriph_Driver/src/stm32f4xx_cryp_tdes.c ****   }
 117:../STM32F4xx_StdPeriph_Driver/src/stm32f4xx_cryp_tdes.c ****   else /*if(Mode == MODE_DECRYPT)*/ /* TDES decryption */
 118:../STM32F4xx_StdPeriph_Driver/src/stm32f4xx_cryp_tdes.c ****   {
 119:../STM32F4xx_StdPeriph_Driver/src/stm32f4xx_cryp_tdes.c ****      TDES_CRYP_InitStructure.CRYP_AlgoDir = CRYP_AlgoDir_Decrypt;
  67              		.loc 1 119 0
  68 0022 0423     		movne	r3, #4
  69 0024 ADF82830 		strh	r3, [sp, #40]	@ movhi
 120:../STM32F4xx_StdPeriph_Driver/src/stm32f4xx_cryp_tdes.c ****   }
 121:../STM32F4xx_StdPeriph_Driver/src/stm32f4xx_cryp_tdes.c **** 
 122:../STM32F4xx_StdPeriph_Driver/src/stm32f4xx_cryp_tdes.c ****   TDES_CRYP_InitStructure.CRYP_AlgoMode = CRYP_AlgoMode_TDES_ECB;
  70              		.loc 1 122 0
  71 0028 0023     		movs	r3, #0
  72 002a ADF82A30 		strh	r3, [sp, #42]	@ movhi
 123:../STM32F4xx_StdPeriph_Driver/src/stm32f4xx_cryp_tdes.c ****   TDES_CRYP_InitStructure.CRYP_DataType = CRYP_DataType_8b;
  73              		.loc 1 123 0
  74 002e 8023     		movs	r3, #128
  75 0030 ADF82C30 		strh	r3, [sp, #44]	@ movhi
 124:../STM32F4xx_StdPeriph_Driver/src/stm32f4xx_cryp_tdes.c ****   CRYP_Init(&TDES_CRYP_InitStructure);
  76              		.loc 1 124 0
  77 0034 0AA8     		add	r0, sp, #40
  78 0036 FFF7FEFF 		bl	CRYP_Init
  79              	.LVL7:
 125:../STM32F4xx_StdPeriph_Driver/src/stm32f4xx_cryp_tdes.c **** 
 126:../STM32F4xx_StdPeriph_Driver/src/stm32f4xx_cryp_tdes.c ****   /* Key Initialisation */
 127:../STM32F4xx_StdPeriph_Driver/src/stm32f4xx_cryp_tdes.c ****   TDES_CRYP_KeyInitStructure.CRYP_Key1Left = __REV(*(uint32_t*)(keyaddr));
  80              		.loc 1 127 0
  81 003a 2368     		ldr	r3, [r4]
  82              	.LVL8:
  83              	.LBB30:
  84              	.LBB31:
  85              		.file 2 "C:\\Users\\Filip\\Eclipse\\Template\\CMSIS\\Include/core_cmInstr.h"
   1:C:\Users\Filip\Eclipse\Template\CMSIS\Include\core_cmInstr.h **** /**************************************************************************//**
   2:C:\Users\Filip\Eclipse\Template\CMSIS\Include\core_cmInstr.h ****  * @file     core_cmInstr.h
   3:C:\Users\Filip\Eclipse\Template\CMSIS\Include\core_cmInstr.h ****  * @brief    CMSIS Cortex-M Core Instruction Access Header File
   4:C:\Users\Filip\Eclipse\Template\CMSIS\Include\core_cmInstr.h ****  * @version  V2.10
   5:C:\Users\Filip\Eclipse\Template\CMSIS\Include\core_cmInstr.h ****  * @date     19. July 2011
   6:C:\Users\Filip\Eclipse\Template\CMSIS\Include\core_cmInstr.h ****  *
   7:C:\Users\Filip\Eclipse\Template\CMSIS\Include\core_cmInstr.h ****  * @note
   8:C:\Users\Filip\Eclipse\Template\CMSIS\Include\core_cmInstr.h ****  * Copyright (C) 2009-2011 ARM Limited. All rights reserved.
   9:C:\Users\Filip\Eclipse\Template\CMSIS\Include\core_cmInstr.h ****  *
  10:C:\Users\Filip\Eclipse\Template\CMSIS\Include\core_cmInstr.h ****  * @par
  11:C:\Users\Filip\Eclipse\Template\CMSIS\Include\core_cmInstr.h ****  * ARM Limited (ARM) is supplying this software for use with Cortex-M 
  12:C:\Users\Filip\Eclipse\Template\CMSIS\Include\core_cmInstr.h ****  * processor based microcontrollers.  This file can be freely distributed 
  13:C:\Users\Filip\Eclipse\Template\CMSIS\Include\core_cmInstr.h ****  * within development tools that are supporting such ARM based processors. 
  14:C:\Users\Filip\Eclipse\Template\CMSIS\Include\core_cmInstr.h ****  *
  15:C:\Users\Filip\Eclipse\Template\CMSIS\Include\core_cmInstr.h ****  * @par
  16:C:\Users\Filip\Eclipse\Template\CMSIS\Include\core_cmInstr.h ****  * THIS SOFTWARE IS PROVIDED "AS IS".  NO WARRANTIES, WHETHER EXPRESS, IMPLIED
  17:C:\Users\Filip\Eclipse\Template\CMSIS\Include\core_cmInstr.h ****  * OR STATUTORY, INCLUDING, BUT NOT LIMITED TO, IMPLIED WARRANTIES OF
  18:C:\Users\Filip\Eclipse\Template\CMSIS\Include\core_cmInstr.h ****  * MERCHANTABILITY AND FITNESS FOR A PARTICULAR PURPOSE APPLY TO THIS SOFTWARE.
  19:C:\Users\Filip\Eclipse\Template\CMSIS\Include\core_cmInstr.h ****  * ARM SHALL NOT, IN ANY CIRCUMSTANCES, BE LIABLE FOR SPECIAL, INCIDENTAL, OR
  20:C:\Users\Filip\Eclipse\Template\CMSIS\Include\core_cmInstr.h ****  * CONSEQUENTIAL DAMAGES, FOR ANY REASON WHATSOEVER.
  21:C:\Users\Filip\Eclipse\Template\CMSIS\Include\core_cmInstr.h ****  *
  22:C:\Users\Filip\Eclipse\Template\CMSIS\Include\core_cmInstr.h ****  ******************************************************************************/
  23:C:\Users\Filip\Eclipse\Template\CMSIS\Include\core_cmInstr.h **** 
  24:C:\Users\Filip\Eclipse\Template\CMSIS\Include\core_cmInstr.h **** #ifndef __CORE_CMINSTR_H
  25:C:\Users\Filip\Eclipse\Template\CMSIS\Include\core_cmInstr.h **** #define __CORE_CMINSTR_H
  26:C:\Users\Filip\Eclipse\Template\CMSIS\Include\core_cmInstr.h **** 
  27:C:\Users\Filip\Eclipse\Template\CMSIS\Include\core_cmInstr.h **** 
  28:C:\Users\Filip\Eclipse\Template\CMSIS\Include\core_cmInstr.h **** /* ##########################  Core Instruction Access  ######################### */
  29:C:\Users\Filip\Eclipse\Template\CMSIS\Include\core_cmInstr.h **** /** \defgroup CMSIS_Core_InstructionInterface CMSIS Core Instruction Interface
  30:C:\Users\Filip\Eclipse\Template\CMSIS\Include\core_cmInstr.h ****   Access to dedicated instructions
  31:C:\Users\Filip\Eclipse\Template\CMSIS\Include\core_cmInstr.h ****   @{
  32:C:\Users\Filip\Eclipse\Template\CMSIS\Include\core_cmInstr.h **** */
  33:C:\Users\Filip\Eclipse\Template\CMSIS\Include\core_cmInstr.h **** 
  34:C:\Users\Filip\Eclipse\Template\CMSIS\Include\core_cmInstr.h **** #if   defined ( __CC_ARM ) /*------------------RealView Compiler -----------------*/
  35:C:\Users\Filip\Eclipse\Template\CMSIS\Include\core_cmInstr.h **** /* ARM armcc specific functions */
  36:C:\Users\Filip\Eclipse\Template\CMSIS\Include\core_cmInstr.h **** 
  37:C:\Users\Filip\Eclipse\Template\CMSIS\Include\core_cmInstr.h **** #if (__ARMCC_VERSION < 400677)
  38:C:\Users\Filip\Eclipse\Template\CMSIS\Include\core_cmInstr.h ****   #error "Please use ARM Compiler Toolchain V4.0.677 or later!"
  39:C:\Users\Filip\Eclipse\Template\CMSIS\Include\core_cmInstr.h **** #endif
  40:C:\Users\Filip\Eclipse\Template\CMSIS\Include\core_cmInstr.h **** 
  41:C:\Users\Filip\Eclipse\Template\CMSIS\Include\core_cmInstr.h **** 
  42:C:\Users\Filip\Eclipse\Template\CMSIS\Include\core_cmInstr.h **** /** \brief  No Operation
  43:C:\Users\Filip\Eclipse\Template\CMSIS\Include\core_cmInstr.h **** 
  44:C:\Users\Filip\Eclipse\Template\CMSIS\Include\core_cmInstr.h ****     No Operation does nothing. This instruction can be used for code alignment purposes.
  45:C:\Users\Filip\Eclipse\Template\CMSIS\Include\core_cmInstr.h ****  */
  46:C:\Users\Filip\Eclipse\Template\CMSIS\Include\core_cmInstr.h **** #define __NOP                             __nop
  47:C:\Users\Filip\Eclipse\Template\CMSIS\Include\core_cmInstr.h **** 
  48:C:\Users\Filip\Eclipse\Template\CMSIS\Include\core_cmInstr.h **** 
  49:C:\Users\Filip\Eclipse\Template\CMSIS\Include\core_cmInstr.h **** /** \brief  Wait For Interrupt
  50:C:\Users\Filip\Eclipse\Template\CMSIS\Include\core_cmInstr.h **** 
  51:C:\Users\Filip\Eclipse\Template\CMSIS\Include\core_cmInstr.h ****     Wait For Interrupt is a hint instruction that suspends execution
  52:C:\Users\Filip\Eclipse\Template\CMSIS\Include\core_cmInstr.h ****     until one of a number of events occurs.
  53:C:\Users\Filip\Eclipse\Template\CMSIS\Include\core_cmInstr.h ****  */
  54:C:\Users\Filip\Eclipse\Template\CMSIS\Include\core_cmInstr.h **** #define __WFI                             __wfi
  55:C:\Users\Filip\Eclipse\Template\CMSIS\Include\core_cmInstr.h **** 
  56:C:\Users\Filip\Eclipse\Template\CMSIS\Include\core_cmInstr.h **** 
  57:C:\Users\Filip\Eclipse\Template\CMSIS\Include\core_cmInstr.h **** /** \brief  Wait For Event
  58:C:\Users\Filip\Eclipse\Template\CMSIS\Include\core_cmInstr.h **** 
  59:C:\Users\Filip\Eclipse\Template\CMSIS\Include\core_cmInstr.h ****     Wait For Event is a hint instruction that permits the processor to enter
  60:C:\Users\Filip\Eclipse\Template\CMSIS\Include\core_cmInstr.h ****     a low-power state until one of a number of events occurs.
  61:C:\Users\Filip\Eclipse\Template\CMSIS\Include\core_cmInstr.h ****  */
  62:C:\Users\Filip\Eclipse\Template\CMSIS\Include\core_cmInstr.h **** #define __WFE                             __wfe
  63:C:\Users\Filip\Eclipse\Template\CMSIS\Include\core_cmInstr.h **** 
  64:C:\Users\Filip\Eclipse\Template\CMSIS\Include\core_cmInstr.h **** 
  65:C:\Users\Filip\Eclipse\Template\CMSIS\Include\core_cmInstr.h **** /** \brief  Send Event
  66:C:\Users\Filip\Eclipse\Template\CMSIS\Include\core_cmInstr.h **** 
  67:C:\Users\Filip\Eclipse\Template\CMSIS\Include\core_cmInstr.h ****     Send Event is a hint instruction. It causes an event to be signaled to the CPU.
  68:C:\Users\Filip\Eclipse\Template\CMSIS\Include\core_cmInstr.h ****  */
  69:C:\Users\Filip\Eclipse\Template\CMSIS\Include\core_cmInstr.h **** #define __SEV                             __sev
  70:C:\Users\Filip\Eclipse\Template\CMSIS\Include\core_cmInstr.h **** 
  71:C:\Users\Filip\Eclipse\Template\CMSIS\Include\core_cmInstr.h **** 
  72:C:\Users\Filip\Eclipse\Template\CMSIS\Include\core_cmInstr.h **** /** \brief  Instruction Synchronization Barrier
  73:C:\Users\Filip\Eclipse\Template\CMSIS\Include\core_cmInstr.h **** 
  74:C:\Users\Filip\Eclipse\Template\CMSIS\Include\core_cmInstr.h ****     Instruction Synchronization Barrier flushes the pipeline in the processor, 
  75:C:\Users\Filip\Eclipse\Template\CMSIS\Include\core_cmInstr.h ****     so that all instructions following the ISB are fetched from cache or 
  76:C:\Users\Filip\Eclipse\Template\CMSIS\Include\core_cmInstr.h ****     memory, after the instruction has been completed.
  77:C:\Users\Filip\Eclipse\Template\CMSIS\Include\core_cmInstr.h ****  */
  78:C:\Users\Filip\Eclipse\Template\CMSIS\Include\core_cmInstr.h **** #define __ISB()                           __isb(0xF)
  79:C:\Users\Filip\Eclipse\Template\CMSIS\Include\core_cmInstr.h **** 
  80:C:\Users\Filip\Eclipse\Template\CMSIS\Include\core_cmInstr.h **** 
  81:C:\Users\Filip\Eclipse\Template\CMSIS\Include\core_cmInstr.h **** /** \brief  Data Synchronization Barrier
  82:C:\Users\Filip\Eclipse\Template\CMSIS\Include\core_cmInstr.h **** 
  83:C:\Users\Filip\Eclipse\Template\CMSIS\Include\core_cmInstr.h ****     This function acts as a special kind of Data Memory Barrier. 
  84:C:\Users\Filip\Eclipse\Template\CMSIS\Include\core_cmInstr.h ****     It completes when all explicit memory accesses before this instruction complete.
  85:C:\Users\Filip\Eclipse\Template\CMSIS\Include\core_cmInstr.h ****  */
  86:C:\Users\Filip\Eclipse\Template\CMSIS\Include\core_cmInstr.h **** #define __DSB()                           __dsb(0xF)
  87:C:\Users\Filip\Eclipse\Template\CMSIS\Include\core_cmInstr.h **** 
  88:C:\Users\Filip\Eclipse\Template\CMSIS\Include\core_cmInstr.h **** 
  89:C:\Users\Filip\Eclipse\Template\CMSIS\Include\core_cmInstr.h **** /** \brief  Data Memory Barrier
  90:C:\Users\Filip\Eclipse\Template\CMSIS\Include\core_cmInstr.h **** 
  91:C:\Users\Filip\Eclipse\Template\CMSIS\Include\core_cmInstr.h ****     This function ensures the apparent order of the explicit memory operations before 
  92:C:\Users\Filip\Eclipse\Template\CMSIS\Include\core_cmInstr.h ****     and after the instruction, without ensuring their completion.
  93:C:\Users\Filip\Eclipse\Template\CMSIS\Include\core_cmInstr.h ****  */
  94:C:\Users\Filip\Eclipse\Template\CMSIS\Include\core_cmInstr.h **** #define __DMB()                           __dmb(0xF)
  95:C:\Users\Filip\Eclipse\Template\CMSIS\Include\core_cmInstr.h **** 
  96:C:\Users\Filip\Eclipse\Template\CMSIS\Include\core_cmInstr.h **** 
  97:C:\Users\Filip\Eclipse\Template\CMSIS\Include\core_cmInstr.h **** /** \brief  Reverse byte order (32 bit)
  98:C:\Users\Filip\Eclipse\Template\CMSIS\Include\core_cmInstr.h **** 
  99:C:\Users\Filip\Eclipse\Template\CMSIS\Include\core_cmInstr.h ****     This function reverses the byte order in integer value.
 100:C:\Users\Filip\Eclipse\Template\CMSIS\Include\core_cmInstr.h **** 
 101:C:\Users\Filip\Eclipse\Template\CMSIS\Include\core_cmInstr.h ****     \param [in]    value  Value to reverse
 102:C:\Users\Filip\Eclipse\Template\CMSIS\Include\core_cmInstr.h ****     \return               Reversed value
 103:C:\Users\Filip\Eclipse\Template\CMSIS\Include\core_cmInstr.h ****  */
 104:C:\Users\Filip\Eclipse\Template\CMSIS\Include\core_cmInstr.h **** #define __REV                             __rev
 105:C:\Users\Filip\Eclipse\Template\CMSIS\Include\core_cmInstr.h **** 
 106:C:\Users\Filip\Eclipse\Template\CMSIS\Include\core_cmInstr.h **** 
 107:C:\Users\Filip\Eclipse\Template\CMSIS\Include\core_cmInstr.h **** /** \brief  Reverse byte order (16 bit)
 108:C:\Users\Filip\Eclipse\Template\CMSIS\Include\core_cmInstr.h **** 
 109:C:\Users\Filip\Eclipse\Template\CMSIS\Include\core_cmInstr.h ****     This function reverses the byte order in two unsigned short values.
 110:C:\Users\Filip\Eclipse\Template\CMSIS\Include\core_cmInstr.h **** 
 111:C:\Users\Filip\Eclipse\Template\CMSIS\Include\core_cmInstr.h ****     \param [in]    value  Value to reverse
 112:C:\Users\Filip\Eclipse\Template\CMSIS\Include\core_cmInstr.h ****     \return               Reversed value
 113:C:\Users\Filip\Eclipse\Template\CMSIS\Include\core_cmInstr.h ****  */
 114:C:\Users\Filip\Eclipse\Template\CMSIS\Include\core_cmInstr.h **** static __INLINE __ASM uint32_t __REV16(uint32_t value)
 115:C:\Users\Filip\Eclipse\Template\CMSIS\Include\core_cmInstr.h **** {
 116:C:\Users\Filip\Eclipse\Template\CMSIS\Include\core_cmInstr.h ****   rev16 r0, r0
 117:C:\Users\Filip\Eclipse\Template\CMSIS\Include\core_cmInstr.h ****   bx lr
 118:C:\Users\Filip\Eclipse\Template\CMSIS\Include\core_cmInstr.h **** }
 119:C:\Users\Filip\Eclipse\Template\CMSIS\Include\core_cmInstr.h **** 
 120:C:\Users\Filip\Eclipse\Template\CMSIS\Include\core_cmInstr.h **** 
 121:C:\Users\Filip\Eclipse\Template\CMSIS\Include\core_cmInstr.h **** /** \brief  Reverse byte order in signed short value
 122:C:\Users\Filip\Eclipse\Template\CMSIS\Include\core_cmInstr.h **** 
 123:C:\Users\Filip\Eclipse\Template\CMSIS\Include\core_cmInstr.h ****     This function reverses the byte order in a signed short value with sign extension to integer.
 124:C:\Users\Filip\Eclipse\Template\CMSIS\Include\core_cmInstr.h **** 
 125:C:\Users\Filip\Eclipse\Template\CMSIS\Include\core_cmInstr.h ****     \param [in]    value  Value to reverse
 126:C:\Users\Filip\Eclipse\Template\CMSIS\Include\core_cmInstr.h ****     \return               Reversed value
 127:C:\Users\Filip\Eclipse\Template\CMSIS\Include\core_cmInstr.h ****  */
 128:C:\Users\Filip\Eclipse\Template\CMSIS\Include\core_cmInstr.h **** static __INLINE __ASM int32_t __REVSH(int32_t value)
 129:C:\Users\Filip\Eclipse\Template\CMSIS\Include\core_cmInstr.h **** {
 130:C:\Users\Filip\Eclipse\Template\CMSIS\Include\core_cmInstr.h ****   revsh r0, r0
 131:C:\Users\Filip\Eclipse\Template\CMSIS\Include\core_cmInstr.h ****   bx lr
 132:C:\Users\Filip\Eclipse\Template\CMSIS\Include\core_cmInstr.h **** }
 133:C:\Users\Filip\Eclipse\Template\CMSIS\Include\core_cmInstr.h **** 
 134:C:\Users\Filip\Eclipse\Template\CMSIS\Include\core_cmInstr.h **** 
 135:C:\Users\Filip\Eclipse\Template\CMSIS\Include\core_cmInstr.h **** #if       (__CORTEX_M >= 0x03)
 136:C:\Users\Filip\Eclipse\Template\CMSIS\Include\core_cmInstr.h **** 
 137:C:\Users\Filip\Eclipse\Template\CMSIS\Include\core_cmInstr.h **** /** \brief  Reverse bit order of value
 138:C:\Users\Filip\Eclipse\Template\CMSIS\Include\core_cmInstr.h **** 
 139:C:\Users\Filip\Eclipse\Template\CMSIS\Include\core_cmInstr.h ****     This function reverses the bit order of the given value.
 140:C:\Users\Filip\Eclipse\Template\CMSIS\Include\core_cmInstr.h **** 
 141:C:\Users\Filip\Eclipse\Template\CMSIS\Include\core_cmInstr.h ****     \param [in]    value  Value to reverse
 142:C:\Users\Filip\Eclipse\Template\CMSIS\Include\core_cmInstr.h ****     \return               Reversed value
 143:C:\Users\Filip\Eclipse\Template\CMSIS\Include\core_cmInstr.h ****  */
 144:C:\Users\Filip\Eclipse\Template\CMSIS\Include\core_cmInstr.h **** #define __RBIT                            __rbit
 145:C:\Users\Filip\Eclipse\Template\CMSIS\Include\core_cmInstr.h **** 
 146:C:\Users\Filip\Eclipse\Template\CMSIS\Include\core_cmInstr.h **** 
 147:C:\Users\Filip\Eclipse\Template\CMSIS\Include\core_cmInstr.h **** /** \brief  LDR Exclusive (8 bit)
 148:C:\Users\Filip\Eclipse\Template\CMSIS\Include\core_cmInstr.h **** 
 149:C:\Users\Filip\Eclipse\Template\CMSIS\Include\core_cmInstr.h ****     This function performs a exclusive LDR command for 8 bit value.
 150:C:\Users\Filip\Eclipse\Template\CMSIS\Include\core_cmInstr.h **** 
 151:C:\Users\Filip\Eclipse\Template\CMSIS\Include\core_cmInstr.h ****     \param [in]    ptr  Pointer to data
 152:C:\Users\Filip\Eclipse\Template\CMSIS\Include\core_cmInstr.h ****     \return             value of type uint8_t at (*ptr)
 153:C:\Users\Filip\Eclipse\Template\CMSIS\Include\core_cmInstr.h ****  */
 154:C:\Users\Filip\Eclipse\Template\CMSIS\Include\core_cmInstr.h **** #define __LDREXB(ptr)                     ((uint8_t ) __ldrex(ptr))
 155:C:\Users\Filip\Eclipse\Template\CMSIS\Include\core_cmInstr.h **** 
 156:C:\Users\Filip\Eclipse\Template\CMSIS\Include\core_cmInstr.h **** 
 157:C:\Users\Filip\Eclipse\Template\CMSIS\Include\core_cmInstr.h **** /** \brief  LDR Exclusive (16 bit)
 158:C:\Users\Filip\Eclipse\Template\CMSIS\Include\core_cmInstr.h **** 
 159:C:\Users\Filip\Eclipse\Template\CMSIS\Include\core_cmInstr.h ****     This function performs a exclusive LDR command for 16 bit values.
 160:C:\Users\Filip\Eclipse\Template\CMSIS\Include\core_cmInstr.h **** 
 161:C:\Users\Filip\Eclipse\Template\CMSIS\Include\core_cmInstr.h ****     \param [in]    ptr  Pointer to data
 162:C:\Users\Filip\Eclipse\Template\CMSIS\Include\core_cmInstr.h ****     \return        value of type uint16_t at (*ptr)
 163:C:\Users\Filip\Eclipse\Template\CMSIS\Include\core_cmInstr.h ****  */
 164:C:\Users\Filip\Eclipse\Template\CMSIS\Include\core_cmInstr.h **** #define __LDREXH(ptr)                     ((uint16_t) __ldrex(ptr))
 165:C:\Users\Filip\Eclipse\Template\CMSIS\Include\core_cmInstr.h **** 
 166:C:\Users\Filip\Eclipse\Template\CMSIS\Include\core_cmInstr.h **** 
 167:C:\Users\Filip\Eclipse\Template\CMSIS\Include\core_cmInstr.h **** /** \brief  LDR Exclusive (32 bit)
 168:C:\Users\Filip\Eclipse\Template\CMSIS\Include\core_cmInstr.h **** 
 169:C:\Users\Filip\Eclipse\Template\CMSIS\Include\core_cmInstr.h ****     This function performs a exclusive LDR command for 32 bit values.
 170:C:\Users\Filip\Eclipse\Template\CMSIS\Include\core_cmInstr.h **** 
 171:C:\Users\Filip\Eclipse\Template\CMSIS\Include\core_cmInstr.h ****     \param [in]    ptr  Pointer to data
 172:C:\Users\Filip\Eclipse\Template\CMSIS\Include\core_cmInstr.h ****     \return        value of type uint32_t at (*ptr)
 173:C:\Users\Filip\Eclipse\Template\CMSIS\Include\core_cmInstr.h ****  */
 174:C:\Users\Filip\Eclipse\Template\CMSIS\Include\core_cmInstr.h **** #define __LDREXW(ptr)                     ((uint32_t ) __ldrex(ptr))
 175:C:\Users\Filip\Eclipse\Template\CMSIS\Include\core_cmInstr.h **** 
 176:C:\Users\Filip\Eclipse\Template\CMSIS\Include\core_cmInstr.h **** 
 177:C:\Users\Filip\Eclipse\Template\CMSIS\Include\core_cmInstr.h **** /** \brief  STR Exclusive (8 bit)
 178:C:\Users\Filip\Eclipse\Template\CMSIS\Include\core_cmInstr.h **** 
 179:C:\Users\Filip\Eclipse\Template\CMSIS\Include\core_cmInstr.h ****     This function performs a exclusive STR command for 8 bit values.
 180:C:\Users\Filip\Eclipse\Template\CMSIS\Include\core_cmInstr.h **** 
 181:C:\Users\Filip\Eclipse\Template\CMSIS\Include\core_cmInstr.h ****     \param [in]  value  Value to store
 182:C:\Users\Filip\Eclipse\Template\CMSIS\Include\core_cmInstr.h ****     \param [in]    ptr  Pointer to location
 183:C:\Users\Filip\Eclipse\Template\CMSIS\Include\core_cmInstr.h ****     \return          0  Function succeeded
 184:C:\Users\Filip\Eclipse\Template\CMSIS\Include\core_cmInstr.h ****     \return          1  Function failed
 185:C:\Users\Filip\Eclipse\Template\CMSIS\Include\core_cmInstr.h ****  */
 186:C:\Users\Filip\Eclipse\Template\CMSIS\Include\core_cmInstr.h **** #define __STREXB(value, ptr)              __strex(value, ptr)
 187:C:\Users\Filip\Eclipse\Template\CMSIS\Include\core_cmInstr.h **** 
 188:C:\Users\Filip\Eclipse\Template\CMSIS\Include\core_cmInstr.h **** 
 189:C:\Users\Filip\Eclipse\Template\CMSIS\Include\core_cmInstr.h **** /** \brief  STR Exclusive (16 bit)
 190:C:\Users\Filip\Eclipse\Template\CMSIS\Include\core_cmInstr.h **** 
 191:C:\Users\Filip\Eclipse\Template\CMSIS\Include\core_cmInstr.h ****     This function performs a exclusive STR command for 16 bit values.
 192:C:\Users\Filip\Eclipse\Template\CMSIS\Include\core_cmInstr.h **** 
 193:C:\Users\Filip\Eclipse\Template\CMSIS\Include\core_cmInstr.h ****     \param [in]  value  Value to store
 194:C:\Users\Filip\Eclipse\Template\CMSIS\Include\core_cmInstr.h ****     \param [in]    ptr  Pointer to location
 195:C:\Users\Filip\Eclipse\Template\CMSIS\Include\core_cmInstr.h ****     \return          0  Function succeeded
 196:C:\Users\Filip\Eclipse\Template\CMSIS\Include\core_cmInstr.h ****     \return          1  Function failed
 197:C:\Users\Filip\Eclipse\Template\CMSIS\Include\core_cmInstr.h ****  */
 198:C:\Users\Filip\Eclipse\Template\CMSIS\Include\core_cmInstr.h **** #define __STREXH(value, ptr)              __strex(value, ptr)
 199:C:\Users\Filip\Eclipse\Template\CMSIS\Include\core_cmInstr.h **** 
 200:C:\Users\Filip\Eclipse\Template\CMSIS\Include\core_cmInstr.h **** 
 201:C:\Users\Filip\Eclipse\Template\CMSIS\Include\core_cmInstr.h **** /** \brief  STR Exclusive (32 bit)
 202:C:\Users\Filip\Eclipse\Template\CMSIS\Include\core_cmInstr.h **** 
 203:C:\Users\Filip\Eclipse\Template\CMSIS\Include\core_cmInstr.h ****     This function performs a exclusive STR command for 32 bit values.
 204:C:\Users\Filip\Eclipse\Template\CMSIS\Include\core_cmInstr.h **** 
 205:C:\Users\Filip\Eclipse\Template\CMSIS\Include\core_cmInstr.h ****     \param [in]  value  Value to store
 206:C:\Users\Filip\Eclipse\Template\CMSIS\Include\core_cmInstr.h ****     \param [in]    ptr  Pointer to location
 207:C:\Users\Filip\Eclipse\Template\CMSIS\Include\core_cmInstr.h ****     \return          0  Function succeeded
 208:C:\Users\Filip\Eclipse\Template\CMSIS\Include\core_cmInstr.h ****     \return          1  Function failed
 209:C:\Users\Filip\Eclipse\Template\CMSIS\Include\core_cmInstr.h ****  */
 210:C:\Users\Filip\Eclipse\Template\CMSIS\Include\core_cmInstr.h **** #define __STREXW(value, ptr)              __strex(value, ptr)
 211:C:\Users\Filip\Eclipse\Template\CMSIS\Include\core_cmInstr.h **** 
 212:C:\Users\Filip\Eclipse\Template\CMSIS\Include\core_cmInstr.h **** 
 213:C:\Users\Filip\Eclipse\Template\CMSIS\Include\core_cmInstr.h **** /** \brief  Remove the exclusive lock
 214:C:\Users\Filip\Eclipse\Template\CMSIS\Include\core_cmInstr.h **** 
 215:C:\Users\Filip\Eclipse\Template\CMSIS\Include\core_cmInstr.h ****     This function removes the exclusive lock which is created by LDREX.
 216:C:\Users\Filip\Eclipse\Template\CMSIS\Include\core_cmInstr.h **** 
 217:C:\Users\Filip\Eclipse\Template\CMSIS\Include\core_cmInstr.h ****  */
 218:C:\Users\Filip\Eclipse\Template\CMSIS\Include\core_cmInstr.h **** #define __CLREX                           __clrex
 219:C:\Users\Filip\Eclipse\Template\CMSIS\Include\core_cmInstr.h **** 
 220:C:\Users\Filip\Eclipse\Template\CMSIS\Include\core_cmInstr.h **** 
 221:C:\Users\Filip\Eclipse\Template\CMSIS\Include\core_cmInstr.h **** /** \brief  Signed Saturate
 222:C:\Users\Filip\Eclipse\Template\CMSIS\Include\core_cmInstr.h **** 
 223:C:\Users\Filip\Eclipse\Template\CMSIS\Include\core_cmInstr.h ****     This function saturates a signed value.
 224:C:\Users\Filip\Eclipse\Template\CMSIS\Include\core_cmInstr.h **** 
 225:C:\Users\Filip\Eclipse\Template\CMSIS\Include\core_cmInstr.h ****     \param [in]  value  Value to be saturated
 226:C:\Users\Filip\Eclipse\Template\CMSIS\Include\core_cmInstr.h ****     \param [in]    sat  Bit position to saturate to (1..32)
 227:C:\Users\Filip\Eclipse\Template\CMSIS\Include\core_cmInstr.h ****     \return             Saturated value
 228:C:\Users\Filip\Eclipse\Template\CMSIS\Include\core_cmInstr.h ****  */
 229:C:\Users\Filip\Eclipse\Template\CMSIS\Include\core_cmInstr.h **** #define __SSAT                            __ssat
 230:C:\Users\Filip\Eclipse\Template\CMSIS\Include\core_cmInstr.h **** 
 231:C:\Users\Filip\Eclipse\Template\CMSIS\Include\core_cmInstr.h **** 
 232:C:\Users\Filip\Eclipse\Template\CMSIS\Include\core_cmInstr.h **** /** \brief  Unsigned Saturate
 233:C:\Users\Filip\Eclipse\Template\CMSIS\Include\core_cmInstr.h **** 
 234:C:\Users\Filip\Eclipse\Template\CMSIS\Include\core_cmInstr.h ****     This function saturates an unsigned value.
 235:C:\Users\Filip\Eclipse\Template\CMSIS\Include\core_cmInstr.h **** 
 236:C:\Users\Filip\Eclipse\Template\CMSIS\Include\core_cmInstr.h ****     \param [in]  value  Value to be saturated
 237:C:\Users\Filip\Eclipse\Template\CMSIS\Include\core_cmInstr.h ****     \param [in]    sat  Bit position to saturate to (0..31)
 238:C:\Users\Filip\Eclipse\Template\CMSIS\Include\core_cmInstr.h ****     \return             Saturated value
 239:C:\Users\Filip\Eclipse\Template\CMSIS\Include\core_cmInstr.h ****  */
 240:C:\Users\Filip\Eclipse\Template\CMSIS\Include\core_cmInstr.h **** #define __USAT                            __usat
 241:C:\Users\Filip\Eclipse\Template\CMSIS\Include\core_cmInstr.h **** 
 242:C:\Users\Filip\Eclipse\Template\CMSIS\Include\core_cmInstr.h **** 
 243:C:\Users\Filip\Eclipse\Template\CMSIS\Include\core_cmInstr.h **** /** \brief  Count leading zeros
 244:C:\Users\Filip\Eclipse\Template\CMSIS\Include\core_cmInstr.h **** 
 245:C:\Users\Filip\Eclipse\Template\CMSIS\Include\core_cmInstr.h ****     This function counts the number of leading zeros of a data value.
 246:C:\Users\Filip\Eclipse\Template\CMSIS\Include\core_cmInstr.h **** 
 247:C:\Users\Filip\Eclipse\Template\CMSIS\Include\core_cmInstr.h ****     \param [in]  value  Value to count the leading zeros
 248:C:\Users\Filip\Eclipse\Template\CMSIS\Include\core_cmInstr.h ****     \return             number of leading zeros in value
 249:C:\Users\Filip\Eclipse\Template\CMSIS\Include\core_cmInstr.h ****  */
 250:C:\Users\Filip\Eclipse\Template\CMSIS\Include\core_cmInstr.h **** #define __CLZ                             __clz 
 251:C:\Users\Filip\Eclipse\Template\CMSIS\Include\core_cmInstr.h **** 
 252:C:\Users\Filip\Eclipse\Template\CMSIS\Include\core_cmInstr.h **** #endif /* (__CORTEX_M >= 0x03) */
 253:C:\Users\Filip\Eclipse\Template\CMSIS\Include\core_cmInstr.h **** 
 254:C:\Users\Filip\Eclipse\Template\CMSIS\Include\core_cmInstr.h **** 
 255:C:\Users\Filip\Eclipse\Template\CMSIS\Include\core_cmInstr.h **** 
 256:C:\Users\Filip\Eclipse\Template\CMSIS\Include\core_cmInstr.h **** #elif defined ( __ICCARM__ ) /*------------------ ICC Compiler -------------------*/
 257:C:\Users\Filip\Eclipse\Template\CMSIS\Include\core_cmInstr.h **** /* IAR iccarm specific functions */
 258:C:\Users\Filip\Eclipse\Template\CMSIS\Include\core_cmInstr.h **** 
 259:C:\Users\Filip\Eclipse\Template\CMSIS\Include\core_cmInstr.h **** #include <cmsis_iar.h>
 260:C:\Users\Filip\Eclipse\Template\CMSIS\Include\core_cmInstr.h **** 
 261:C:\Users\Filip\Eclipse\Template\CMSIS\Include\core_cmInstr.h **** 
 262:C:\Users\Filip\Eclipse\Template\CMSIS\Include\core_cmInstr.h **** #elif defined ( __GNUC__ ) /*------------------ GNU Compiler ---------------------*/
 263:C:\Users\Filip\Eclipse\Template\CMSIS\Include\core_cmInstr.h **** /* GNU gcc specific functions */
 264:C:\Users\Filip\Eclipse\Template\CMSIS\Include\core_cmInstr.h **** 
 265:C:\Users\Filip\Eclipse\Template\CMSIS\Include\core_cmInstr.h **** /** \brief  No Operation
 266:C:\Users\Filip\Eclipse\Template\CMSIS\Include\core_cmInstr.h **** 
 267:C:\Users\Filip\Eclipse\Template\CMSIS\Include\core_cmInstr.h ****     No Operation does nothing. This instruction can be used for code alignment purposes.
 268:C:\Users\Filip\Eclipse\Template\CMSIS\Include\core_cmInstr.h ****  */
 269:C:\Users\Filip\Eclipse\Template\CMSIS\Include\core_cmInstr.h **** __attribute__( ( always_inline ) ) static __INLINE void __NOP(void)
 270:C:\Users\Filip\Eclipse\Template\CMSIS\Include\core_cmInstr.h **** {
 271:C:\Users\Filip\Eclipse\Template\CMSIS\Include\core_cmInstr.h ****   __ASM volatile ("nop");
 272:C:\Users\Filip\Eclipse\Template\CMSIS\Include\core_cmInstr.h **** }
 273:C:\Users\Filip\Eclipse\Template\CMSIS\Include\core_cmInstr.h **** 
 274:C:\Users\Filip\Eclipse\Template\CMSIS\Include\core_cmInstr.h **** 
 275:C:\Users\Filip\Eclipse\Template\CMSIS\Include\core_cmInstr.h **** /** \brief  Wait For Interrupt
 276:C:\Users\Filip\Eclipse\Template\CMSIS\Include\core_cmInstr.h **** 
 277:C:\Users\Filip\Eclipse\Template\CMSIS\Include\core_cmInstr.h ****     Wait For Interrupt is a hint instruction that suspends execution
 278:C:\Users\Filip\Eclipse\Template\CMSIS\Include\core_cmInstr.h ****     until one of a number of events occurs.
 279:C:\Users\Filip\Eclipse\Template\CMSIS\Include\core_cmInstr.h ****  */
 280:C:\Users\Filip\Eclipse\Template\CMSIS\Include\core_cmInstr.h **** __attribute__( ( always_inline ) ) static __INLINE void __WFI(void)
 281:C:\Users\Filip\Eclipse\Template\CMSIS\Include\core_cmInstr.h **** {
 282:C:\Users\Filip\Eclipse\Template\CMSIS\Include\core_cmInstr.h ****   __ASM volatile ("wfi");
 283:C:\Users\Filip\Eclipse\Template\CMSIS\Include\core_cmInstr.h **** }
 284:C:\Users\Filip\Eclipse\Template\CMSIS\Include\core_cmInstr.h **** 
 285:C:\Users\Filip\Eclipse\Template\CMSIS\Include\core_cmInstr.h **** 
 286:C:\Users\Filip\Eclipse\Template\CMSIS\Include\core_cmInstr.h **** /** \brief  Wait For Event
 287:C:\Users\Filip\Eclipse\Template\CMSIS\Include\core_cmInstr.h **** 
 288:C:\Users\Filip\Eclipse\Template\CMSIS\Include\core_cmInstr.h ****     Wait For Event is a hint instruction that permits the processor to enter
 289:C:\Users\Filip\Eclipse\Template\CMSIS\Include\core_cmInstr.h ****     a low-power state until one of a number of events occurs.
 290:C:\Users\Filip\Eclipse\Template\CMSIS\Include\core_cmInstr.h ****  */
 291:C:\Users\Filip\Eclipse\Template\CMSIS\Include\core_cmInstr.h **** __attribute__( ( always_inline ) ) static __INLINE void __WFE(void)
 292:C:\Users\Filip\Eclipse\Template\CMSIS\Include\core_cmInstr.h **** {
 293:C:\Users\Filip\Eclipse\Template\CMSIS\Include\core_cmInstr.h ****   __ASM volatile ("wfe");
 294:C:\Users\Filip\Eclipse\Template\CMSIS\Include\core_cmInstr.h **** }
 295:C:\Users\Filip\Eclipse\Template\CMSIS\Include\core_cmInstr.h **** 
 296:C:\Users\Filip\Eclipse\Template\CMSIS\Include\core_cmInstr.h **** 
 297:C:\Users\Filip\Eclipse\Template\CMSIS\Include\core_cmInstr.h **** /** \brief  Send Event
 298:C:\Users\Filip\Eclipse\Template\CMSIS\Include\core_cmInstr.h **** 
 299:C:\Users\Filip\Eclipse\Template\CMSIS\Include\core_cmInstr.h ****     Send Event is a hint instruction. It causes an event to be signaled to the CPU.
 300:C:\Users\Filip\Eclipse\Template\CMSIS\Include\core_cmInstr.h ****  */
 301:C:\Users\Filip\Eclipse\Template\CMSIS\Include\core_cmInstr.h **** __attribute__( ( always_inline ) ) static __INLINE void __SEV(void)
 302:C:\Users\Filip\Eclipse\Template\CMSIS\Include\core_cmInstr.h **** {
 303:C:\Users\Filip\Eclipse\Template\CMSIS\Include\core_cmInstr.h ****   __ASM volatile ("sev");
 304:C:\Users\Filip\Eclipse\Template\CMSIS\Include\core_cmInstr.h **** }
 305:C:\Users\Filip\Eclipse\Template\CMSIS\Include\core_cmInstr.h **** 
 306:C:\Users\Filip\Eclipse\Template\CMSIS\Include\core_cmInstr.h **** 
 307:C:\Users\Filip\Eclipse\Template\CMSIS\Include\core_cmInstr.h **** /** \brief  Instruction Synchronization Barrier
 308:C:\Users\Filip\Eclipse\Template\CMSIS\Include\core_cmInstr.h **** 
 309:C:\Users\Filip\Eclipse\Template\CMSIS\Include\core_cmInstr.h ****     Instruction Synchronization Barrier flushes the pipeline in the processor, 
 310:C:\Users\Filip\Eclipse\Template\CMSIS\Include\core_cmInstr.h ****     so that all instructions following the ISB are fetched from cache or 
 311:C:\Users\Filip\Eclipse\Template\CMSIS\Include\core_cmInstr.h ****     memory, after the instruction has been completed.
 312:C:\Users\Filip\Eclipse\Template\CMSIS\Include\core_cmInstr.h ****  */
 313:C:\Users\Filip\Eclipse\Template\CMSIS\Include\core_cmInstr.h **** __attribute__( ( always_inline ) ) static __INLINE void __ISB(void)
 314:C:\Users\Filip\Eclipse\Template\CMSIS\Include\core_cmInstr.h **** {
 315:C:\Users\Filip\Eclipse\Template\CMSIS\Include\core_cmInstr.h ****   __ASM volatile ("isb");
 316:C:\Users\Filip\Eclipse\Template\CMSIS\Include\core_cmInstr.h **** }
 317:C:\Users\Filip\Eclipse\Template\CMSIS\Include\core_cmInstr.h **** 
 318:C:\Users\Filip\Eclipse\Template\CMSIS\Include\core_cmInstr.h **** 
 319:C:\Users\Filip\Eclipse\Template\CMSIS\Include\core_cmInstr.h **** /** \brief  Data Synchronization Barrier
 320:C:\Users\Filip\Eclipse\Template\CMSIS\Include\core_cmInstr.h **** 
 321:C:\Users\Filip\Eclipse\Template\CMSIS\Include\core_cmInstr.h ****     This function acts as a special kind of Data Memory Barrier. 
 322:C:\Users\Filip\Eclipse\Template\CMSIS\Include\core_cmInstr.h ****     It completes when all explicit memory accesses before this instruction complete.
 323:C:\Users\Filip\Eclipse\Template\CMSIS\Include\core_cmInstr.h ****  */
 324:C:\Users\Filip\Eclipse\Template\CMSIS\Include\core_cmInstr.h **** __attribute__( ( always_inline ) ) static __INLINE void __DSB(void)
 325:C:\Users\Filip\Eclipse\Template\CMSIS\Include\core_cmInstr.h **** {
 326:C:\Users\Filip\Eclipse\Template\CMSIS\Include\core_cmInstr.h ****   __ASM volatile ("dsb");
 327:C:\Users\Filip\Eclipse\Template\CMSIS\Include\core_cmInstr.h **** }
 328:C:\Users\Filip\Eclipse\Template\CMSIS\Include\core_cmInstr.h **** 
 329:C:\Users\Filip\Eclipse\Template\CMSIS\Include\core_cmInstr.h **** 
 330:C:\Users\Filip\Eclipse\Template\CMSIS\Include\core_cmInstr.h **** /** \brief  Data Memory Barrier
 331:C:\Users\Filip\Eclipse\Template\CMSIS\Include\core_cmInstr.h **** 
 332:C:\Users\Filip\Eclipse\Template\CMSIS\Include\core_cmInstr.h ****     This function ensures the apparent order of the explicit memory operations before 
 333:C:\Users\Filip\Eclipse\Template\CMSIS\Include\core_cmInstr.h ****     and after the instruction, without ensuring their completion.
 334:C:\Users\Filip\Eclipse\Template\CMSIS\Include\core_cmInstr.h ****  */
 335:C:\Users\Filip\Eclipse\Template\CMSIS\Include\core_cmInstr.h **** __attribute__( ( always_inline ) ) static __INLINE void __DMB(void)
 336:C:\Users\Filip\Eclipse\Template\CMSIS\Include\core_cmInstr.h **** {
 337:C:\Users\Filip\Eclipse\Template\CMSIS\Include\core_cmInstr.h ****   __ASM volatile ("dmb");
 338:C:\Users\Filip\Eclipse\Template\CMSIS\Include\core_cmInstr.h **** }
 339:C:\Users\Filip\Eclipse\Template\CMSIS\Include\core_cmInstr.h **** 
 340:C:\Users\Filip\Eclipse\Template\CMSIS\Include\core_cmInstr.h **** 
 341:C:\Users\Filip\Eclipse\Template\CMSIS\Include\core_cmInstr.h **** /** \brief  Reverse byte order (32 bit)
 342:C:\Users\Filip\Eclipse\Template\CMSIS\Include\core_cmInstr.h **** 
 343:C:\Users\Filip\Eclipse\Template\CMSIS\Include\core_cmInstr.h ****     This function reverses the byte order in integer value.
 344:C:\Users\Filip\Eclipse\Template\CMSIS\Include\core_cmInstr.h **** 
 345:C:\Users\Filip\Eclipse\Template\CMSIS\Include\core_cmInstr.h ****     \param [in]    value  Value to reverse
 346:C:\Users\Filip\Eclipse\Template\CMSIS\Include\core_cmInstr.h ****     \return               Reversed value
 347:C:\Users\Filip\Eclipse\Template\CMSIS\Include\core_cmInstr.h ****  */
 348:C:\Users\Filip\Eclipse\Template\CMSIS\Include\core_cmInstr.h **** __attribute__( ( always_inline ) ) static __INLINE uint32_t __REV(uint32_t value)
 349:C:\Users\Filip\Eclipse\Template\CMSIS\Include\core_cmInstr.h **** {
 350:C:\Users\Filip\Eclipse\Template\CMSIS\Include\core_cmInstr.h ****   uint32_t result;
 351:C:\Users\Filip\Eclipse\Template\CMSIS\Include\core_cmInstr.h ****   
 352:C:\Users\Filip\Eclipse\Template\CMSIS\Include\core_cmInstr.h ****   __ASM volatile ("rev %0, %1" : "=r" (result) : "r" (value) );
  86              		.loc 2 352 0
  87              	@ 352 "C:\Users\Filip\Eclipse\Template\CMSIS\Include/core_cmInstr.h" 1
  88 003c 1BBA     		rev r3, r3
  89              	@ 0 "" 2
  90              	.LVL9:
  91              		.thumb
  92              	.LBE31:
  93              	.LBE30:
  94              		.loc 1 127 0
  95 003e 0493     		str	r3, [sp, #16]
  96              	.LVL10:
 128:../STM32F4xx_StdPeriph_Driver/src/stm32f4xx_cryp_tdes.c ****   keyaddr+=4;
 129:../STM32F4xx_StdPeriph_Driver/src/stm32f4xx_cryp_tdes.c ****   TDES_CRYP_KeyInitStructure.CRYP_Key1Right= __REV(*(uint32_t*)(keyaddr));
  97              		.loc 1 129 0
  98 0040 6368     		ldr	r3, [r4, #4]
  99              	.LVL11:
 100              	.LBB32:
 101              	.LBB33:
 102              		.loc 2 352 0
 103              	@ 352 "C:\Users\Filip\Eclipse\Template\CMSIS\Include/core_cmInstr.h" 1
 104 0042 1BBA     		rev r3, r3
 105              	@ 0 "" 2
 106              	.LVL12:
 107              		.thumb
 108              	.LBE33:
 109              	.LBE32:
 110              		.loc 1 129 0
 111 0044 0593     		str	r3, [sp, #20]
 112              	.LVL13:
 130:../STM32F4xx_StdPeriph_Driver/src/stm32f4xx_cryp_tdes.c ****   keyaddr+=4;
 131:../STM32F4xx_StdPeriph_Driver/src/stm32f4xx_cryp_tdes.c ****   TDES_CRYP_KeyInitStructure.CRYP_Key2Left = __REV(*(uint32_t*)(keyaddr));
 113              		.loc 1 131 0
 114 0046 A368     		ldr	r3, [r4, #8]
 115              	.LVL14:
 116              	.LBB34:
 117              	.LBB35:
 118              		.loc 2 352 0
 119              	@ 352 "C:\Users\Filip\Eclipse\Template\CMSIS\Include/core_cmInstr.h" 1
 120 0048 1BBA     		rev r3, r3
 121              	@ 0 "" 2
 122              	.LVL15:
 123              		.thumb
 124              	.LBE35:
 125              	.LBE34:
 126              		.loc 1 131 0
 127 004a 0693     		str	r3, [sp, #24]
 128              	.LVL16:
 132:../STM32F4xx_StdPeriph_Driver/src/stm32f4xx_cryp_tdes.c ****   keyaddr+=4;
 133:../STM32F4xx_StdPeriph_Driver/src/stm32f4xx_cryp_tdes.c ****   TDES_CRYP_KeyInitStructure.CRYP_Key2Right= __REV(*(uint32_t*)(keyaddr));
 129              		.loc 1 133 0
 130 004c E368     		ldr	r3, [r4, #12]
 131              	.LVL17:
 132              	.LBB36:
 133              	.LBB37:
 134              		.loc 2 352 0
 135              	@ 352 "C:\Users\Filip\Eclipse\Template\CMSIS\Include/core_cmInstr.h" 1
 136 004e 1BBA     		rev r3, r3
 137              	@ 0 "" 2
 138              	.LVL18:
 139              		.thumb
 140              	.LBE37:
 141              	.LBE36:
 142              		.loc 1 133 0
 143 0050 0793     		str	r3, [sp, #28]
 144              	.LVL19:
 134:../STM32F4xx_StdPeriph_Driver/src/stm32f4xx_cryp_tdes.c ****   keyaddr+=4;
 135:../STM32F4xx_StdPeriph_Driver/src/stm32f4xx_cryp_tdes.c ****   TDES_CRYP_KeyInitStructure.CRYP_Key3Left = __REV(*(uint32_t*)(keyaddr));
 145              		.loc 1 135 0
 146 0052 2369     		ldr	r3, [r4, #16]
 147              	.LVL20:
 148              	.LBB38:
 149              	.LBB39:
 150              		.loc 2 352 0
 151              	@ 352 "C:\Users\Filip\Eclipse\Template\CMSIS\Include/core_cmInstr.h" 1
 152 0054 1BBA     		rev r3, r3
 153              	@ 0 "" 2
 154              	.LVL21:
 155              		.thumb
 156              	.LBE39:
 157              	.LBE38:
 158              		.loc 1 135 0
 159 0056 0893     		str	r3, [sp, #32]
 160              	.LVL22:
 136:../STM32F4xx_StdPeriph_Driver/src/stm32f4xx_cryp_tdes.c ****   keyaddr+=4;
 137:../STM32F4xx_StdPeriph_Driver/src/stm32f4xx_cryp_tdes.c ****   TDES_CRYP_KeyInitStructure.CRYP_Key3Right= __REV(*(uint32_t*)(keyaddr));
 161              		.loc 1 137 0
 162 0058 6369     		ldr	r3, [r4, #20]
 163              	.LVL23:
 164              	.LBB40:
 165              	.LBB41:
 166              		.loc 2 352 0
 167              	@ 352 "C:\Users\Filip\Eclipse\Template\CMSIS\Include/core_cmInstr.h" 1
 168 005a 1BBA     		rev r3, r3
 169              	@ 0 "" 2
 170              	.LVL24:
 171              		.thumb
 172              	.LBE41:
 173              	.LBE40:
 174              		.loc 1 137 0
 175 005c 0993     		str	r3, [sp, #36]
 138:../STM32F4xx_StdPeriph_Driver/src/stm32f4xx_cryp_tdes.c ****   CRYP_KeyInit(& TDES_CRYP_KeyInitStructure);
 176              		.loc 1 138 0
 177 005e 02A8     		add	r0, sp, #8
 178 0060 FFF7FEFF 		bl	CRYP_KeyInit
 179              	.LVL25:
 139:../STM32F4xx_StdPeriph_Driver/src/stm32f4xx_cryp_tdes.c **** 
 140:../STM32F4xx_StdPeriph_Driver/src/stm32f4xx_cryp_tdes.c ****   /* Flush IN/OUT FIFO */
 141:../STM32F4xx_StdPeriph_Driver/src/stm32f4xx_cryp_tdes.c ****   CRYP_FIFOFlush();
 180              		.loc 1 141 0
 181 0064 FFF7FEFF 		bl	CRYP_FIFOFlush
 182              	.LVL26:
 142:../STM32F4xx_StdPeriph_Driver/src/stm32f4xx_cryp_tdes.c **** 
 143:../STM32F4xx_StdPeriph_Driver/src/stm32f4xx_cryp_tdes.c ****   /* Enable Crypto processor */
 144:../STM32F4xx_StdPeriph_Driver/src/stm32f4xx_cryp_tdes.c ****   CRYP_Cmd(ENABLE);
 183              		.loc 1 144 0
 184 0068 0120     		movs	r0, #1
 185 006a FFF7FEFF 		bl	CRYP_Cmd
 186              	.LVL27:
 145:../STM32F4xx_StdPeriph_Driver/src/stm32f4xx_cryp_tdes.c **** 
 146:../STM32F4xx_StdPeriph_Driver/src/stm32f4xx_cryp_tdes.c ****   for(i=0; ((i<Ilength) && (status != ERROR)); i+=8)
 187              		.loc 1 146 0
 188 006e 0026     		movs	r6, #0
 103:../STM32F4xx_StdPeriph_Driver/src/stm32f4xx_cryp_tdes.c ****   ErrorStatus status = SUCCESS;
 189              		.loc 1 103 0
 190 0070 0127     		movs	r7, #1
 147:../STM32F4xx_StdPeriph_Driver/src/stm32f4xx_cryp_tdes.c ****   {
 148:../STM32F4xx_StdPeriph_Driver/src/stm32f4xx_cryp_tdes.c ****     /* Write the Input block in the Input FIFO */
 149:../STM32F4xx_StdPeriph_Driver/src/stm32f4xx_cryp_tdes.c ****     CRYP_DataIn(*(uint32_t*)(inputaddr));
 150:../STM32F4xx_StdPeriph_Driver/src/stm32f4xx_cryp_tdes.c ****     inputaddr+=4;
 151:../STM32F4xx_StdPeriph_Driver/src/stm32f4xx_cryp_tdes.c ****     CRYP_DataIn(*(uint32_t*)(inputaddr));
 152:../STM32F4xx_StdPeriph_Driver/src/stm32f4xx_cryp_tdes.c ****     inputaddr+=4;
 153:../STM32F4xx_StdPeriph_Driver/src/stm32f4xx_cryp_tdes.c **** 
 154:../STM32F4xx_StdPeriph_Driver/src/stm32f4xx_cryp_tdes.c ****     /* Wait until the complete message has been processed */
 155:../STM32F4xx_StdPeriph_Driver/src/stm32f4xx_cryp_tdes.c ****     counter = 0;
 191              		.loc 1 155 0
 192 0072 B046     		mov	r8, r6
 156:../STM32F4xx_StdPeriph_Driver/src/stm32f4xx_cryp_tdes.c ****     do
 157:../STM32F4xx_StdPeriph_Driver/src/stm32f4xx_cryp_tdes.c ****     {
 158:../STM32F4xx_StdPeriph_Driver/src/stm32f4xx_cryp_tdes.c ****       busystatus = CRYP_GetFlagStatus(CRYP_FLAG_BUSY);
 193              		.loc 1 158 0
 194 0074 1024     		movs	r4, #16
 195              	.LVL28:
 146:../STM32F4xx_StdPeriph_Driver/src/stm32f4xx_cryp_tdes.c ****   for(i=0; ((i<Ilength) && (status != ERROR)); i+=8)
 196              		.loc 1 146 0
 197 0076 23E0     		b	.L4
 198              	.LVL29:
 199              	.L9:
 149:../STM32F4xx_StdPeriph_Driver/src/stm32f4xx_cryp_tdes.c ****     CRYP_DataIn(*(uint32_t*)(inputaddr));
 200              		.loc 1 149 0
 201 0078 2868     		ldr	r0, [r5]
 202 007a FFF7FEFF 		bl	CRYP_DataIn
 203              	.LVL30:
 151:../STM32F4xx_StdPeriph_Driver/src/stm32f4xx_cryp_tdes.c ****     CRYP_DataIn(*(uint32_t*)(inputaddr));
 204              		.loc 1 151 0
 205 007e 6868     		ldr	r0, [r5, #4]
 206 0080 FFF7FEFF 		bl	CRYP_DataIn
 207              	.LVL31:
 152:../STM32F4xx_StdPeriph_Driver/src/stm32f4xx_cryp_tdes.c ****     inputaddr+=4;
 208              		.loc 1 152 0
 209 0084 0835     		adds	r5, r5, #8
 210              	.LVL32:
 155:../STM32F4xx_StdPeriph_Driver/src/stm32f4xx_cryp_tdes.c ****     counter = 0;
 211              		.loc 1 155 0
 212 0086 CDF80480 		str	r8, [sp, #4]
 213              	.L6:
 214              		.loc 1 158 0 discriminator 1
 215 008a 2046     		mov	r0, r4
 216 008c FFF7FEFF 		bl	CRYP_GetFlagStatus
 217              	.LVL33:
 218 0090 0246     		mov	r2, r0
 219              	.LVL34:
 159:../STM32F4xx_StdPeriph_Driver/src/stm32f4xx_cryp_tdes.c ****       counter++;
 220              		.loc 1 159 0 discriminator 1
 221 0092 019B     		ldr	r3, [sp, #4]
 222 0094 0133     		adds	r3, r3, #1
 223 0096 0193     		str	r3, [sp, #4]
 160:../STM32F4xx_StdPeriph_Driver/src/stm32f4xx_cryp_tdes.c ****     }while ((counter != TDESBUSY_TIMEOUT) && (busystatus != RESET));
 224              		.loc 1 160 0 discriminator 1
 225 0098 019B     		ldr	r3, [sp, #4]
 226 009a B3F5803F 		cmp	r3, #65536
 227 009e 01D0     		beq	.L5
 228 00a0 0028     		cmp	r0, #0
 229 00a2 F2D1     		bne	.L6
 230              	.L5:
 161:../STM32F4xx_StdPeriph_Driver/src/stm32f4xx_cryp_tdes.c **** 
 162:../STM32F4xx_StdPeriph_Driver/src/stm32f4xx_cryp_tdes.c ****     if (busystatus != RESET)
 231              		.loc 1 162 0
 232 00a4 52B9     		cbnz	r2, .L10
 163:../STM32F4xx_StdPeriph_Driver/src/stm32f4xx_cryp_tdes.c ****     {
 164:../STM32F4xx_StdPeriph_Driver/src/stm32f4xx_cryp_tdes.c ****        status = ERROR;
 165:../STM32F4xx_StdPeriph_Driver/src/stm32f4xx_cryp_tdes.c ****     }
 166:../STM32F4xx_StdPeriph_Driver/src/stm32f4xx_cryp_tdes.c ****     else
 167:../STM32F4xx_StdPeriph_Driver/src/stm32f4xx_cryp_tdes.c ****     {
 168:../STM32F4xx_StdPeriph_Driver/src/stm32f4xx_cryp_tdes.c **** 
 169:../STM32F4xx_StdPeriph_Driver/src/stm32f4xx_cryp_tdes.c ****       /* Read the Output block from the Output FIFO */
 170:../STM32F4xx_StdPeriph_Driver/src/stm32f4xx_cryp_tdes.c ****       *(uint32_t*)(outputaddr) = CRYP_DataOut();
 233              		.loc 1 170 0
 234 00a6 FFF7FEFF 		bl	CRYP_DataOut
 235              	.LVL35:
 236 00aa C9F80000 		str	r0, [r9]
 237              	.LVL36:
 171:../STM32F4xx_StdPeriph_Driver/src/stm32f4xx_cryp_tdes.c ****       outputaddr+=4;
 172:../STM32F4xx_StdPeriph_Driver/src/stm32f4xx_cryp_tdes.c ****       *(uint32_t*)(outputaddr) = CRYP_DataOut();
 238              		.loc 1 172 0
 239 00ae FFF7FEFF 		bl	CRYP_DataOut
 240              	.LVL37:
 241 00b2 C9F80400 		str	r0, [r9, #4]
 173:../STM32F4xx_StdPeriph_Driver/src/stm32f4xx_cryp_tdes.c ****       outputaddr+=4;
 242              		.loc 1 173 0
 243 00b6 09F10809 		add	r9, r9, #8
 244              	.LVL38:
 245 00ba 00E0     		b	.L7
 246              	.LVL39:
 247              	.L10:
 164:../STM32F4xx_StdPeriph_Driver/src/stm32f4xx_cryp_tdes.c ****        status = ERROR;
 248              		.loc 1 164 0
 249 00bc 4746     		mov	r7, r8
 250              	.LVL40:
 251              	.L7:
 146:../STM32F4xx_StdPeriph_Driver/src/stm32f4xx_cryp_tdes.c ****   for(i=0; ((i<Ilength) && (status != ERROR)); i+=8)
 252              		.loc 1 146 0
 253 00be 0836     		adds	r6, r6, #8
 254              	.LVL41:
 255              	.L4:
 146:../STM32F4xx_StdPeriph_Driver/src/stm32f4xx_cryp_tdes.c ****   for(i=0; ((i<Ilength) && (status != ERROR)); i+=8)
 256              		.loc 1 146 0 is_stmt 0 discriminator 1
 257 00c0 5645     		cmp	r6, r10
 258 00c2 01D2     		bcs	.L8
 146:../STM32F4xx_StdPeriph_Driver/src/stm32f4xx_cryp_tdes.c ****   for(i=0; ((i<Ilength) && (status != ERROR)); i+=8)
 259              		.loc 1 146 0 discriminator 2
 260 00c4 002F     		cmp	r7, #0
 261 00c6 D7D1     		bne	.L9
 262              	.L8:
 174:../STM32F4xx_StdPeriph_Driver/src/stm32f4xx_cryp_tdes.c ****     }
 175:../STM32F4xx_StdPeriph_Driver/src/stm32f4xx_cryp_tdes.c ****   }
 176:../STM32F4xx_StdPeriph_Driver/src/stm32f4xx_cryp_tdes.c **** 
 177:../STM32F4xx_StdPeriph_Driver/src/stm32f4xx_cryp_tdes.c ****   /* Disable Crypto */
 178:../STM32F4xx_StdPeriph_Driver/src/stm32f4xx_cryp_tdes.c ****   CRYP_Cmd(DISABLE);
 263              		.loc 1 178 0 is_stmt 1
 264 00c8 0020     		movs	r0, #0
 265 00ca FFF7FEFF 		bl	CRYP_Cmd
 266              	.LVL42:
 179:../STM32F4xx_StdPeriph_Driver/src/stm32f4xx_cryp_tdes.c **** 
 180:../STM32F4xx_StdPeriph_Driver/src/stm32f4xx_cryp_tdes.c ****   return status; 
 181:../STM32F4xx_StdPeriph_Driver/src/stm32f4xx_cryp_tdes.c **** }
 267              		.loc 1 181 0
 268 00ce 3846     		mov	r0, r7
 269 00d0 0CB0     		add	sp, sp, #48
 270              		@ sp needed
 271 00d2 BDE8F087 		pop	{r4, r5, r6, r7, r8, r9, r10, pc}
 272              		.cfi_endproc
 273              	.LFE110:
 275 00d6 00BF     		.align	2
 276              		.global	CRYP_TDES_CBC
 277              		.thumb
 278              		.thumb_func
 280              	CRYP_TDES_CBC:
 281              	.LFB111:
 182:../STM32F4xx_StdPeriph_Driver/src/stm32f4xx_cryp_tdes.c **** 
 183:../STM32F4xx_StdPeriph_Driver/src/stm32f4xx_cryp_tdes.c **** /**
 184:../STM32F4xx_StdPeriph_Driver/src/stm32f4xx_cryp_tdes.c ****   * @brief  Encrypt and decrypt using TDES in CBC Mode
 185:../STM32F4xx_StdPeriph_Driver/src/stm32f4xx_cryp_tdes.c ****   * @param  Mode: encryption or decryption Mode.
 186:../STM32F4xx_StdPeriph_Driver/src/stm32f4xx_cryp_tdes.c ****   *           This parameter can be one of the following values:
 187:../STM32F4xx_StdPeriph_Driver/src/stm32f4xx_cryp_tdes.c ****   *            @arg MODE_ENCRYPT: Encryption
 188:../STM32F4xx_StdPeriph_Driver/src/stm32f4xx_cryp_tdes.c ****   *            @arg MODE_DECRYPT: Decryption
 189:../STM32F4xx_StdPeriph_Driver/src/stm32f4xx_cryp_tdes.c ****   * @param  Key: Key used for TDES algorithm.
 190:../STM32F4xx_StdPeriph_Driver/src/stm32f4xx_cryp_tdes.c ****   * @param  InitVectors: Initialisation Vectors used for TDES algorithm.
 191:../STM32F4xx_StdPeriph_Driver/src/stm32f4xx_cryp_tdes.c ****   * @param  Input: pointer to the Input buffer.
 192:../STM32F4xx_StdPeriph_Driver/src/stm32f4xx_cryp_tdes.c ****   * @param  Ilength: length of the Input buffer, must be a multiple of 8.
 193:../STM32F4xx_StdPeriph_Driver/src/stm32f4xx_cryp_tdes.c ****   * @param  Output: pointer to the returned buffer.
 194:../STM32F4xx_StdPeriph_Driver/src/stm32f4xx_cryp_tdes.c ****   * @retval An ErrorStatus enumeration value:
 195:../STM32F4xx_StdPeriph_Driver/src/stm32f4xx_cryp_tdes.c ****   *          - SUCCESS: Operation done
 196:../STM32F4xx_StdPeriph_Driver/src/stm32f4xx_cryp_tdes.c ****   *          - ERROR: Operation failed
 197:../STM32F4xx_StdPeriph_Driver/src/stm32f4xx_cryp_tdes.c ****   */
 198:../STM32F4xx_StdPeriph_Driver/src/stm32f4xx_cryp_tdes.c **** ErrorStatus CRYP_TDES_CBC(uint8_t Mode, uint8_t Key[24], uint8_t InitVectors[8],
 199:../STM32F4xx_StdPeriph_Driver/src/stm32f4xx_cryp_tdes.c ****                           uint8_t *Input, uint32_t Ilength, uint8_t *Output)
 200:../STM32F4xx_StdPeriph_Driver/src/stm32f4xx_cryp_tdes.c **** {
 282              		.loc 1 200 0
 283              		.cfi_startproc
 284              		@ args = 8, pretend = 0, frame = 64
 285              		@ frame_needed = 0, uses_anonymous_args = 0
 286              	.LVL43:
 287 00d8 2DE9F047 		push	{r4, r5, r6, r7, r8, r9, r10, lr}
 288              		.cfi_def_cfa_offset 32
 289              		.cfi_offset 4, -32
 290              		.cfi_offset 5, -28
 291              		.cfi_offset 6, -24
 292              		.cfi_offset 7, -20
 293              		.cfi_offset 8, -16
 294              		.cfi_offset 9, -12
 295              		.cfi_offset 10, -8
 296              		.cfi_offset 14, -4
 297 00dc 90B0     		sub	sp, sp, #64
 298              		.cfi_def_cfa_offset 96
 299 00de 0746     		mov	r7, r0
 300 00e0 0C46     		mov	r4, r1
 301 00e2 1646     		mov	r6, r2
 302 00e4 DDF860A0 		ldr	r10, [sp, #96]
 201:../STM32F4xx_StdPeriph_Driver/src/stm32f4xx_cryp_tdes.c ****   CRYP_InitTypeDef TDES_CRYP_InitStructure;
 202:../STM32F4xx_StdPeriph_Driver/src/stm32f4xx_cryp_tdes.c ****   CRYP_KeyInitTypeDef TDES_CRYP_KeyInitStructure;
 203:../STM32F4xx_StdPeriph_Driver/src/stm32f4xx_cryp_tdes.c ****   CRYP_IVInitTypeDef TDES_CRYP_IVInitStructure;
 204:../STM32F4xx_StdPeriph_Driver/src/stm32f4xx_cryp_tdes.c ****   __IO uint32_t counter = 0;
 303              		.loc 1 204 0
 304 00e8 0022     		movs	r2, #0
 305              	.LVL44:
 306 00ea 0192     		str	r2, [sp, #4]
 307              	.LVL45:
 205:../STM32F4xx_StdPeriph_Driver/src/stm32f4xx_cryp_tdes.c ****   uint32_t busystatus = 0;
 206:../STM32F4xx_StdPeriph_Driver/src/stm32f4xx_cryp_tdes.c ****   ErrorStatus status = SUCCESS;
 207:../STM32F4xx_StdPeriph_Driver/src/stm32f4xx_cryp_tdes.c ****   uint32_t keyaddr    = (uint32_t)Key;
 208:../STM32F4xx_StdPeriph_Driver/src/stm32f4xx_cryp_tdes.c ****   uint32_t inputaddr  = (uint32_t)Input;
 308              		.loc 1 208 0
 309 00ec 1D46     		mov	r5, r3
 310              	.LVL46:
 209:../STM32F4xx_StdPeriph_Driver/src/stm32f4xx_cryp_tdes.c ****   uint32_t outputaddr = (uint32_t)Output;
 311              		.loc 1 209 0
 312 00ee DDF86490 		ldr	r9, [sp, #100]
 313              	.LVL47:
 210:../STM32F4xx_StdPeriph_Driver/src/stm32f4xx_cryp_tdes.c ****   uint32_t ivaddr     = (uint32_t)InitVectors;
 211:../STM32F4xx_StdPeriph_Driver/src/stm32f4xx_cryp_tdes.c ****   uint32_t i = 0;
 212:../STM32F4xx_StdPeriph_Driver/src/stm32f4xx_cryp_tdes.c **** 
 213:../STM32F4xx_StdPeriph_Driver/src/stm32f4xx_cryp_tdes.c ****   /* Crypto structures initialisation*/
 214:../STM32F4xx_StdPeriph_Driver/src/stm32f4xx_cryp_tdes.c ****   CRYP_KeyStructInit(&TDES_CRYP_KeyInitStructure);
 314              		.loc 1 214 0
 315 00f2 06A8     		add	r0, sp, #24
 316              	.LVL48:
 317 00f4 FFF7FEFF 		bl	CRYP_KeyStructInit
 318              	.LVL49:
 215:../STM32F4xx_StdPeriph_Driver/src/stm32f4xx_cryp_tdes.c **** 
 216:../STM32F4xx_StdPeriph_Driver/src/stm32f4xx_cryp_tdes.c ****   /* Crypto Init for Encryption process */
 217:../STM32F4xx_StdPeriph_Driver/src/stm32f4xx_cryp_tdes.c ****   if(Mode == MODE_ENCRYPT) /* TDES encryption */
 319              		.loc 1 217 0
 320 00f8 012F     		cmp	r7, #1
 218:../STM32F4xx_StdPeriph_Driver/src/stm32f4xx_cryp_tdes.c ****   {
 219:../STM32F4xx_StdPeriph_Driver/src/stm32f4xx_cryp_tdes.c ****     TDES_CRYP_InitStructure.CRYP_AlgoDir = CRYP_AlgoDir_Encrypt;
 321              		.loc 1 219 0
 322 00fa 0CBF     		ite	eq
 323 00fc 0023     		moveq	r3, #0
 220:../STM32F4xx_StdPeriph_Driver/src/stm32f4xx_cryp_tdes.c ****   }
 221:../STM32F4xx_StdPeriph_Driver/src/stm32f4xx_cryp_tdes.c ****   else
 222:../STM32F4xx_StdPeriph_Driver/src/stm32f4xx_cryp_tdes.c ****   {
 223:../STM32F4xx_StdPeriph_Driver/src/stm32f4xx_cryp_tdes.c ****     TDES_CRYP_InitStructure.CRYP_AlgoDir = CRYP_AlgoDir_Decrypt;
 324              		.loc 1 223 0
 325 00fe 0423     		movne	r3, #4
 326 0100 ADF83830 		strh	r3, [sp, #56]	@ movhi
 224:../STM32F4xx_StdPeriph_Driver/src/stm32f4xx_cryp_tdes.c ****   }
 225:../STM32F4xx_StdPeriph_Driver/src/stm32f4xx_cryp_tdes.c ****   TDES_CRYP_InitStructure.CRYP_AlgoMode = CRYP_AlgoMode_TDES_CBC;
 327              		.loc 1 225 0
 328 0104 0823     		movs	r3, #8
 329 0106 ADF83A30 		strh	r3, [sp, #58]	@ movhi
 226:../STM32F4xx_StdPeriph_Driver/src/stm32f4xx_cryp_tdes.c ****   TDES_CRYP_InitStructure.CRYP_DataType = CRYP_DataType_8b;
 330              		.loc 1 226 0
 331 010a 8023     		movs	r3, #128
 332 010c ADF83C30 		strh	r3, [sp, #60]	@ movhi
 227:../STM32F4xx_StdPeriph_Driver/src/stm32f4xx_cryp_tdes.c **** 
 228:../STM32F4xx_StdPeriph_Driver/src/stm32f4xx_cryp_tdes.c ****   CRYP_Init(&TDES_CRYP_InitStructure);
 333              		.loc 1 228 0
 334 0110 0EA8     		add	r0, sp, #56
 335 0112 FFF7FEFF 		bl	CRYP_Init
 336              	.LVL50:
 229:../STM32F4xx_StdPeriph_Driver/src/stm32f4xx_cryp_tdes.c **** 
 230:../STM32F4xx_StdPeriph_Driver/src/stm32f4xx_cryp_tdes.c ****   /* Key Initialisation */
 231:../STM32F4xx_StdPeriph_Driver/src/stm32f4xx_cryp_tdes.c ****   TDES_CRYP_KeyInitStructure.CRYP_Key1Left = __REV(*(uint32_t*)(keyaddr));
 337              		.loc 1 231 0
 338 0116 2368     		ldr	r3, [r4]
 339              	.LVL51:
 340              	.LBB42:
 341              	.LBB43:
 342              		.loc 2 352 0
 343              	@ 352 "C:\Users\Filip\Eclipse\Template\CMSIS\Include/core_cmInstr.h" 1
 344 0118 1BBA     		rev r3, r3
 345              	@ 0 "" 2
 346              	.LVL52:
 347              		.thumb
 348              	.LBE43:
 349              	.LBE42:
 350              		.loc 1 231 0
 351 011a 0893     		str	r3, [sp, #32]
 352              	.LVL53:
 232:../STM32F4xx_StdPeriph_Driver/src/stm32f4xx_cryp_tdes.c ****   keyaddr+=4;
 233:../STM32F4xx_StdPeriph_Driver/src/stm32f4xx_cryp_tdes.c ****   TDES_CRYP_KeyInitStructure.CRYP_Key1Right= __REV(*(uint32_t*)(keyaddr));
 353              		.loc 1 233 0
 354 011c 6368     		ldr	r3, [r4, #4]
 355              	.LVL54:
 356              	.LBB44:
 357              	.LBB45:
 358              		.loc 2 352 0
 359              	@ 352 "C:\Users\Filip\Eclipse\Template\CMSIS\Include/core_cmInstr.h" 1
 360 011e 1BBA     		rev r3, r3
 361              	@ 0 "" 2
 362              	.LVL55:
 363              		.thumb
 364              	.LBE45:
 365              	.LBE44:
 366              		.loc 1 233 0
 367 0120 0993     		str	r3, [sp, #36]
 368              	.LVL56:
 234:../STM32F4xx_StdPeriph_Driver/src/stm32f4xx_cryp_tdes.c ****   keyaddr+=4;
 235:../STM32F4xx_StdPeriph_Driver/src/stm32f4xx_cryp_tdes.c ****   TDES_CRYP_KeyInitStructure.CRYP_Key2Left = __REV(*(uint32_t*)(keyaddr));
 369              		.loc 1 235 0
 370 0122 A368     		ldr	r3, [r4, #8]
 371              	.LVL57:
 372              	.LBB46:
 373              	.LBB47:
 374              		.loc 2 352 0
 375              	@ 352 "C:\Users\Filip\Eclipse\Template\CMSIS\Include/core_cmInstr.h" 1
 376 0124 1BBA     		rev r3, r3
 377              	@ 0 "" 2
 378              	.LVL58:
 379              		.thumb
 380              	.LBE47:
 381              	.LBE46:
 382              		.loc 1 235 0
 383 0126 0A93     		str	r3, [sp, #40]
 384              	.LVL59:
 236:../STM32F4xx_StdPeriph_Driver/src/stm32f4xx_cryp_tdes.c ****   keyaddr+=4;
 237:../STM32F4xx_StdPeriph_Driver/src/stm32f4xx_cryp_tdes.c ****   TDES_CRYP_KeyInitStructure.CRYP_Key2Right= __REV(*(uint32_t*)(keyaddr));
 385              		.loc 1 237 0
 386 0128 E368     		ldr	r3, [r4, #12]
 387              	.LVL60:
 388              	.LBB48:
 389              	.LBB49:
 390              		.loc 2 352 0
 391              	@ 352 "C:\Users\Filip\Eclipse\Template\CMSIS\Include/core_cmInstr.h" 1
 392 012a 1BBA     		rev r3, r3
 393              	@ 0 "" 2
 394              	.LVL61:
 395              		.thumb
 396              	.LBE49:
 397              	.LBE48:
 398              		.loc 1 237 0
 399 012c 0B93     		str	r3, [sp, #44]
 400              	.LVL62:
 238:../STM32F4xx_StdPeriph_Driver/src/stm32f4xx_cryp_tdes.c ****   keyaddr+=4;
 239:../STM32F4xx_StdPeriph_Driver/src/stm32f4xx_cryp_tdes.c ****   TDES_CRYP_KeyInitStructure.CRYP_Key3Left = __REV(*(uint32_t*)(keyaddr));
 401              		.loc 1 239 0
 402 012e 2369     		ldr	r3, [r4, #16]
 403              	.LVL63:
 404              	.LBB50:
 405              	.LBB51:
 406              		.loc 2 352 0
 407              	@ 352 "C:\Users\Filip\Eclipse\Template\CMSIS\Include/core_cmInstr.h" 1
 408 0130 1BBA     		rev r3, r3
 409              	@ 0 "" 2
 410              	.LVL64:
 411              		.thumb
 412              	.LBE51:
 413              	.LBE50:
 414              		.loc 1 239 0
 415 0132 0C93     		str	r3, [sp, #48]
 416              	.LVL65:
 240:../STM32F4xx_StdPeriph_Driver/src/stm32f4xx_cryp_tdes.c ****   keyaddr+=4;
 241:../STM32F4xx_StdPeriph_Driver/src/stm32f4xx_cryp_tdes.c ****   TDES_CRYP_KeyInitStructure.CRYP_Key3Right= __REV(*(uint32_t*)(keyaddr));
 417              		.loc 1 241 0
 418 0134 6369     		ldr	r3, [r4, #20]
 419              	.LVL66:
 420              	.LBB52:
 421              	.LBB53:
 422              		.loc 2 352 0
 423              	@ 352 "C:\Users\Filip\Eclipse\Template\CMSIS\Include/core_cmInstr.h" 1
 424 0136 1BBA     		rev r3, r3
 425              	@ 0 "" 2
 426              	.LVL67:
 427              		.thumb
 428              	.LBE53:
 429              	.LBE52:
 430              		.loc 1 241 0
 431 0138 0D93     		str	r3, [sp, #52]
 242:../STM32F4xx_StdPeriph_Driver/src/stm32f4xx_cryp_tdes.c ****   CRYP_KeyInit(& TDES_CRYP_KeyInitStructure);
 432              		.loc 1 242 0
 433 013a 06A8     		add	r0, sp, #24
 434 013c FFF7FEFF 		bl	CRYP_KeyInit
 435              	.LVL68:
 243:../STM32F4xx_StdPeriph_Driver/src/stm32f4xx_cryp_tdes.c **** 
 244:../STM32F4xx_StdPeriph_Driver/src/stm32f4xx_cryp_tdes.c ****   /* Initialization Vectors */
 245:../STM32F4xx_StdPeriph_Driver/src/stm32f4xx_cryp_tdes.c ****   TDES_CRYP_IVInitStructure.CRYP_IV0Left = __REV(*(uint32_t*)(ivaddr));
 436              		.loc 1 245 0
 437 0140 3368     		ldr	r3, [r6]
 438              	.LVL69:
 439              	.LBB54:
 440              	.LBB55:
 441              		.loc 2 352 0
 442              	@ 352 "C:\Users\Filip\Eclipse\Template\CMSIS\Include/core_cmInstr.h" 1
 443 0142 1BBA     		rev r3, r3
 444              	@ 0 "" 2
 445              	.LVL70:
 446              		.thumb
 447              	.LBE55:
 448              	.LBE54:
 449              		.loc 1 245 0
 450 0144 0293     		str	r3, [sp, #8]
 451              	.LVL71:
 246:../STM32F4xx_StdPeriph_Driver/src/stm32f4xx_cryp_tdes.c ****   ivaddr+=4;
 247:../STM32F4xx_StdPeriph_Driver/src/stm32f4xx_cryp_tdes.c ****   TDES_CRYP_IVInitStructure.CRYP_IV0Right= __REV(*(uint32_t*)(ivaddr));
 452              		.loc 1 247 0
 453 0146 7368     		ldr	r3, [r6, #4]
 454              	.LVL72:
 455              	.LBB56:
 456              	.LBB57:
 457              		.loc 2 352 0
 458              	@ 352 "C:\Users\Filip\Eclipse\Template\CMSIS\Include/core_cmInstr.h" 1
 459 0148 1BBA     		rev r3, r3
 460              	@ 0 "" 2
 461              	.LVL73:
 462              		.thumb
 463              	.LBE57:
 464              	.LBE56:
 465              		.loc 1 247 0
 466 014a 0393     		str	r3, [sp, #12]
 248:../STM32F4xx_StdPeriph_Driver/src/stm32f4xx_cryp_tdes.c ****   CRYP_IVInit(&TDES_CRYP_IVInitStructure);
 467              		.loc 1 248 0
 468 014c 02A8     		add	r0, sp, #8
 469              	.LVL74:
 470 014e FFF7FEFF 		bl	CRYP_IVInit
 471              	.LVL75:
 249:../STM32F4xx_StdPeriph_Driver/src/stm32f4xx_cryp_tdes.c **** 
 250:../STM32F4xx_StdPeriph_Driver/src/stm32f4xx_cryp_tdes.c ****   /* Flush IN/OUT FIFO */
 251:../STM32F4xx_StdPeriph_Driver/src/stm32f4xx_cryp_tdes.c ****   CRYP_FIFOFlush();
 472              		.loc 1 251 0
 473 0152 FFF7FEFF 		bl	CRYP_FIFOFlush
 474              	.LVL76:
 252:../STM32F4xx_StdPeriph_Driver/src/stm32f4xx_cryp_tdes.c **** 
 253:../STM32F4xx_StdPeriph_Driver/src/stm32f4xx_cryp_tdes.c ****   /* Enable Crypto processor */
 254:../STM32F4xx_StdPeriph_Driver/src/stm32f4xx_cryp_tdes.c ****   CRYP_Cmd(ENABLE);
 475              		.loc 1 254 0
 476 0156 0120     		movs	r0, #1
 477 0158 FFF7FEFF 		bl	CRYP_Cmd
 478              	.LVL77:
 255:../STM32F4xx_StdPeriph_Driver/src/stm32f4xx_cryp_tdes.c **** 
 256:../STM32F4xx_StdPeriph_Driver/src/stm32f4xx_cryp_tdes.c ****   for(i=0; ((i<Ilength) && (status != ERROR)); i+=8)
 479              		.loc 1 256 0
 480 015c 0026     		movs	r6, #0
 481              	.LVL78:
 206:../STM32F4xx_StdPeriph_Driver/src/stm32f4xx_cryp_tdes.c ****   ErrorStatus status = SUCCESS;
 482              		.loc 1 206 0
 483 015e 0127     		movs	r7, #1
 257:../STM32F4xx_StdPeriph_Driver/src/stm32f4xx_cryp_tdes.c ****   {
 258:../STM32F4xx_StdPeriph_Driver/src/stm32f4xx_cryp_tdes.c ****     /* Write the Input block in the Input FIFO */
 259:../STM32F4xx_StdPeriph_Driver/src/stm32f4xx_cryp_tdes.c ****     CRYP_DataIn(*(uint32_t*)(inputaddr));
 260:../STM32F4xx_StdPeriph_Driver/src/stm32f4xx_cryp_tdes.c ****     inputaddr+=4;
 261:../STM32F4xx_StdPeriph_Driver/src/stm32f4xx_cryp_tdes.c ****     CRYP_DataIn(*(uint32_t*)(inputaddr));
 262:../STM32F4xx_StdPeriph_Driver/src/stm32f4xx_cryp_tdes.c ****     inputaddr+=4;
 263:../STM32F4xx_StdPeriph_Driver/src/stm32f4xx_cryp_tdes.c **** 
 264:../STM32F4xx_StdPeriph_Driver/src/stm32f4xx_cryp_tdes.c ****     /* Wait until the complete message has been processed */
 265:../STM32F4xx_StdPeriph_Driver/src/stm32f4xx_cryp_tdes.c ****     counter = 0;
 484              		.loc 1 265 0
 485 0160 B046     		mov	r8, r6
 266:../STM32F4xx_StdPeriph_Driver/src/stm32f4xx_cryp_tdes.c ****     do
 267:../STM32F4xx_StdPeriph_Driver/src/stm32f4xx_cryp_tdes.c ****     {
 268:../STM32F4xx_StdPeriph_Driver/src/stm32f4xx_cryp_tdes.c ****       busystatus = CRYP_GetFlagStatus(CRYP_FLAG_BUSY);
 486              		.loc 1 268 0
 487 0162 1024     		movs	r4, #16
 488              	.LVL79:
 256:../STM32F4xx_StdPeriph_Driver/src/stm32f4xx_cryp_tdes.c ****   for(i=0; ((i<Ilength) && (status != ERROR)); i+=8)
 489              		.loc 1 256 0
 490 0164 23E0     		b	.L15
 491              	.LVL80:
 492              	.L20:
 259:../STM32F4xx_StdPeriph_Driver/src/stm32f4xx_cryp_tdes.c ****     CRYP_DataIn(*(uint32_t*)(inputaddr));
 493              		.loc 1 259 0
 494 0166 2868     		ldr	r0, [r5]
 495 0168 FFF7FEFF 		bl	CRYP_DataIn
 496              	.LVL81:
 261:../STM32F4xx_StdPeriph_Driver/src/stm32f4xx_cryp_tdes.c ****     CRYP_DataIn(*(uint32_t*)(inputaddr));
 497              		.loc 1 261 0
 498 016c 6868     		ldr	r0, [r5, #4]
 499 016e FFF7FEFF 		bl	CRYP_DataIn
 500              	.LVL82:
 262:../STM32F4xx_StdPeriph_Driver/src/stm32f4xx_cryp_tdes.c ****     inputaddr+=4;
 501              		.loc 1 262 0
 502 0172 0835     		adds	r5, r5, #8
 503              	.LVL83:
 265:../STM32F4xx_StdPeriph_Driver/src/stm32f4xx_cryp_tdes.c ****     counter = 0;
 504              		.loc 1 265 0
 505 0174 CDF80480 		str	r8, [sp, #4]
 506              	.L17:
 507              		.loc 1 268 0 discriminator 1
 508 0178 2046     		mov	r0, r4
 509 017a FFF7FEFF 		bl	CRYP_GetFlagStatus
 510              	.LVL84:
 511 017e 0246     		mov	r2, r0
 512              	.LVL85:
 269:../STM32F4xx_StdPeriph_Driver/src/stm32f4xx_cryp_tdes.c ****       counter++;
 513              		.loc 1 269 0 discriminator 1
 514 0180 019B     		ldr	r3, [sp, #4]
 515 0182 0133     		adds	r3, r3, #1
 516 0184 0193     		str	r3, [sp, #4]
 270:../STM32F4xx_StdPeriph_Driver/src/stm32f4xx_cryp_tdes.c ****     }while ((counter != TDESBUSY_TIMEOUT) && (busystatus != RESET));
 517              		.loc 1 270 0 discriminator 1
 518 0186 019B     		ldr	r3, [sp, #4]
 519 0188 B3F5803F 		cmp	r3, #65536
 520 018c 01D0     		beq	.L16
 521 018e 0028     		cmp	r0, #0
 522 0190 F2D1     		bne	.L17
 523              	.L16:
 271:../STM32F4xx_StdPeriph_Driver/src/stm32f4xx_cryp_tdes.c **** 
 272:../STM32F4xx_StdPeriph_Driver/src/stm32f4xx_cryp_tdes.c ****     if (busystatus != RESET)
 524              		.loc 1 272 0
 525 0192 52B9     		cbnz	r2, .L21
 273:../STM32F4xx_StdPeriph_Driver/src/stm32f4xx_cryp_tdes.c ****    {
 274:../STM32F4xx_StdPeriph_Driver/src/stm32f4xx_cryp_tdes.c ****        status = ERROR;
 275:../STM32F4xx_StdPeriph_Driver/src/stm32f4xx_cryp_tdes.c ****     }
 276:../STM32F4xx_StdPeriph_Driver/src/stm32f4xx_cryp_tdes.c ****     else
 277:../STM32F4xx_StdPeriph_Driver/src/stm32f4xx_cryp_tdes.c ****     {
 278:../STM32F4xx_StdPeriph_Driver/src/stm32f4xx_cryp_tdes.c **** 
 279:../STM32F4xx_StdPeriph_Driver/src/stm32f4xx_cryp_tdes.c ****       /* Read the Output block from the Output FIFO */
 280:../STM32F4xx_StdPeriph_Driver/src/stm32f4xx_cryp_tdes.c ****       *(uint32_t*)(outputaddr) = CRYP_DataOut();
 526              		.loc 1 280 0
 527 0194 FFF7FEFF 		bl	CRYP_DataOut
 528              	.LVL86:
 529 0198 C9F80000 		str	r0, [r9]
 530              	.LVL87:
 281:../STM32F4xx_StdPeriph_Driver/src/stm32f4xx_cryp_tdes.c ****       outputaddr+=4;
 282:../STM32F4xx_StdPeriph_Driver/src/stm32f4xx_cryp_tdes.c ****       *(uint32_t*)(outputaddr) = CRYP_DataOut();
 531              		.loc 1 282 0
 532 019c FFF7FEFF 		bl	CRYP_DataOut
 533              	.LVL88:
 534 01a0 C9F80400 		str	r0, [r9, #4]
 283:../STM32F4xx_StdPeriph_Driver/src/stm32f4xx_cryp_tdes.c ****       outputaddr+=4;
 535              		.loc 1 283 0
 536 01a4 09F10809 		add	r9, r9, #8
 537              	.LVL89:
 538 01a8 00E0     		b	.L18
 539              	.LVL90:
 540              	.L21:
 274:../STM32F4xx_StdPeriph_Driver/src/stm32f4xx_cryp_tdes.c ****        status = ERROR;
 541              		.loc 1 274 0
 542 01aa 4746     		mov	r7, r8
 543              	.LVL91:
 544              	.L18:
 256:../STM32F4xx_StdPeriph_Driver/src/stm32f4xx_cryp_tdes.c ****   for(i=0; ((i<Ilength) && (status != ERROR)); i+=8)
 545              		.loc 1 256 0
 546 01ac 0836     		adds	r6, r6, #8
 547              	.LVL92:
 548              	.L15:
 256:../STM32F4xx_StdPeriph_Driver/src/stm32f4xx_cryp_tdes.c ****   for(i=0; ((i<Ilength) && (status != ERROR)); i+=8)
 549              		.loc 1 256 0 is_stmt 0 discriminator 1
 550 01ae 5645     		cmp	r6, r10
 551 01b0 01D2     		bcs	.L19
 256:../STM32F4xx_StdPeriph_Driver/src/stm32f4xx_cryp_tdes.c ****   for(i=0; ((i<Ilength) && (status != ERROR)); i+=8)
 552              		.loc 1 256 0 discriminator 2
 553 01b2 002F     		cmp	r7, #0
 554 01b4 D7D1     		bne	.L20
 555              	.L19:
 284:../STM32F4xx_StdPeriph_Driver/src/stm32f4xx_cryp_tdes.c ****     }
 285:../STM32F4xx_StdPeriph_Driver/src/stm32f4xx_cryp_tdes.c ****   }
 286:../STM32F4xx_StdPeriph_Driver/src/stm32f4xx_cryp_tdes.c **** 
 287:../STM32F4xx_StdPeriph_Driver/src/stm32f4xx_cryp_tdes.c ****   /* Disable Crypto */
 288:../STM32F4xx_StdPeriph_Driver/src/stm32f4xx_cryp_tdes.c ****   CRYP_Cmd(DISABLE);
 556              		.loc 1 288 0 is_stmt 1
 557 01b6 0020     		movs	r0, #0
 558 01b8 FFF7FEFF 		bl	CRYP_Cmd
 559              	.LVL93:
 289:../STM32F4xx_StdPeriph_Driver/src/stm32f4xx_cryp_tdes.c **** 
 290:../STM32F4xx_StdPeriph_Driver/src/stm32f4xx_cryp_tdes.c ****   return status; 
 291:../STM32F4xx_StdPeriph_Driver/src/stm32f4xx_cryp_tdes.c **** }
 560              		.loc 1 291 0
 561 01bc 3846     		mov	r0, r7
 562 01be 10B0     		add	sp, sp, #64
 563              		@ sp needed
 564 01c0 BDE8F087 		pop	{r4, r5, r6, r7, r8, r9, r10, pc}
 565              		.cfi_endproc
 566              	.LFE111:
 568              	.Letext0:
 569              		.file 3 "c:\\program files (x86)\\gnu tools arm embedded\\4.8 2014q1\\arm-none-eabi\\include\\mach
 570              		.file 4 "c:\\program files (x86)\\gnu tools arm embedded\\4.8 2014q1\\arm-none-eabi\\include\\stdi
 571              		.file 5 "C:\\Users\\Filip\\Eclipse\\Template\\STM32F4xx\\Include/stm32f4xx.h"
 572              		.file 6 "C:\\Users\\Filip\\Eclipse\\Template\\STM32F4xx_StdPeriph_Driver\\inc/stm32f4xx_cryp.h"
 573              		.file 7 "C:\\Users\\Filip\\Eclipse\\Template\\CMSIS\\Include/core_cm4.h"
DEFINED SYMBOLS
                            *ABS*:00000000 stm32f4xx_cryp_tdes.c
C:\Users\Filip\AppData\Local\Temp\ccIW8vLr.s:18     .text:00000000 $t
C:\Users\Filip\AppData\Local\Temp\ccIW8vLr.s:23     .text:00000000 CRYP_TDES_ECB
C:\Users\Filip\AppData\Local\Temp\ccIW8vLr.s:280    .text:000000d8 CRYP_TDES_CBC
                     .debug_frame:00000010 $d
                           .group:00000000 wm4.1.2bb9d917777380cc06007ef782f1739f
                           .group:00000000 wm4.stm32f4xx.h.48.ab6cfc2433f704442c75c2d67f633280
                           .group:00000000 wm4.core_cm4.h.32.f824aba4d431a5bb4a51726bd5b62834
                           .group:00000000 wm4.features.h.22.6a4ca7cd053637cc1d0db6c16f39b2d7
                           .group:00000000 wm4._default_types.h.15.8b2cb27e528498f8ff711db085d6e489
                           .group:00000000 wm4.stdint.h.20.796e373797e732130a803d4c0338fa1b
                           .group:00000000 wm4.core_cmInstr.h.25.f50f886f2edf670cf199b35fd96f5c91
                           .group:00000000 wm4.core_cm4_simd.h.29.b4a3fdfb606cb3b26119424324d4b963
                           .group:00000000 wm4.core_cm4.h.153.5393ef7e6cebf34dd51ca528f9218ab3
                           .group:00000000 wm4.stm32f4xx.h.288.7f55b1a1f5e5bad6ffa2308f97f537d1
                           .group:00000000 wm4.stm32f4xx_conf.h.24.a762e2483b8e31b68046e44b31e1d406
                           .group:00000000 wm4.stm32f4xx_adc.h.102.2061aa73008746f3c2cc6ce8f635cad3
                           .group:00000000 wm4.stm32f4xx_can.h.25.87f18ca48b2692d39f76e87b1f07c953
                           .group:00000000 wm4.stm32f4xx_dac.h.25.c43557a6416ea4dfa986c1209c2558d6
                           .group:00000000 wm4.stm32f4xx_dbgmcu.h.24.7aedfdcf091890b5cb96019bd29a2bfc
                           .group:00000000 wm4.stm32f4xx_dcmi.h.24.64883d9be802a535b1d7770d14da73e0
                           .group:00000000 wm4.stm32f4xx_dma.h.25.c1fa1d44ae0bc9c2b3a0d1d355d8c1e6
                           .group:00000000 wm4.stm32f4xx_exti.h.25.620998268d5d3d9042a8297fbe07d507
                           .group:00000000 wm4.stm32f4xx_flash.h.25.65d4f351b72ee41355279f70305f361a
                           .group:00000000 wm4.stm32f4xx_fsmc.h.25.b907ac7bd9bec46e02d06b137d53cfd8
                           .group:00000000 wm4.stm32f4xx_hash.h.25.633fb84f031cf2ab1bd834e536716dfa
                           .group:00000000 wm4.stm32f4xx_gpio.h.25.5bd1d790d742a307b55aea5fa8fcdae8
                           .group:00000000 wm4.stm32f4xx_i2c.h.25.8fcdb817a00a67d4624d79bab0d9275f
                           .group:00000000 wm4.stm32f4xx_iwdg.h.25.3013e8d2058415cb9d51af77f748a146
                           .group:00000000 wm4.stm32f4xx_pwr.h.25.41ffcb5dc896ed2d26edf4d9bbbfbe6f
                           .group:00000000 wm4.stm32f4xx_rcc.h.24.a10ec6e94989efb0f8f7f56448e9bb60
                           .group:00000000 wm4.stm32f4xx_rng.h.25.cdb5c5c07de6a48aedfde608da3f447e
                           .group:00000000 wm4.stm32f4xx_rtc.h.25.4809a79ad46ad97b4a01e735a96738eb
                           .group:00000000 wm4.stm32f4xx_sdio.h.25.406302aabae34eada94e5f2cde635a3e
                           .group:00000000 wm4.stm32f4xx_spi.h.25.980a9e96afe182c8b9cb91058a0693d6
                           .group:00000000 wm4.stm32f4xx_syscfg.h.25.9d5caab5677661b69e959531364e23d7
                           .group:00000000 wm4.stm32f4xx_tim.h.25.948f7fc943f34bd206e29758e77ee0a2
                           .group:00000000 wm4.stm32f4xx_usart.h.25.32a7aeff79714f90f8c4da45bf79808c
                           .group:00000000 wm4.stm32f4xx_wwdg.h.25.09d70b7849c6894ddf1e83c8e86b70e1
                           .group:00000000 wm4.misc.h.25.a0cb758c1f091b46f201b19cec9e63a1
                           .group:00000000 wm4.stm32f4xx.h.6972.f31ddedd83a17c461a3fab76f77123cb
                           .group:00000000 wm4.stm32f4xx_cryp.h.119.d9dc2f059ca5f1650f6b9481919a2fab

UNDEFINED SYMBOLS
CRYP_KeyStructInit
CRYP_Init
CRYP_KeyInit
CRYP_FIFOFlush
CRYP_Cmd
CRYP_DataIn
CRYP_GetFlagStatus
CRYP_DataOut
CRYP_IVInit
